mode: atomic
github.com/Gimel-Foundation/gauth/pkg/audit/event/types.go:72.34,80.2 1 0
github.com/Gimel-Foundation/gauth/pkg/audit/event/types.go:83.61,90.2 2 0
github.com/Gimel-Foundation/gauth/pkg/audit/event/types.go:93.77,101.2 2 0
github.com/Gimel-Foundation/gauth/pkg/audit/event/types.go:104.54,107.2 2 0
github.com/Gimel-Foundation/gauth/pkg/audit/event/types.go:110.54,113.2 2 0
github.com/Gimel-Foundation/gauth/pkg/audit/event/types.go:116.60,119.2 2 0
github.com/Gimel-Foundation/gauth/pkg/audit/event/types.go:122.56,125.2 2 0
github.com/Gimel-Foundation/gauth/pkg/audit/event/types.go:128.53,131.2 2 0
github.com/Gimel-Foundation/gauth/pkg/audit/event/types.go:134.49,135.16 1 0
github.com/Gimel-Foundation/gauth/pkg/audit/event/types.go:135.16,138.3 2 0
github.com/Gimel-Foundation/gauth/pkg/audit/event/types.go:139.2,139.10 1 0
github.com/Gimel-Foundation/gauth/pkg/audit/event/types.go:143.34,144.22 1 0
github.com/Gimel-Foundation/gauth/pkg/audit/event/types.go:144.22,146.3 1 0
github.com/Gimel-Foundation/gauth/pkg/audit/event/types.go:147.2,147.17 1 0
github.com/Gimel-Foundation/gauth/pkg/audit/event/types.go:151.31,152.11 1 0
github.com/Gimel-Foundation/gauth/pkg/audit/event/types.go:153.16,154.16 1 0
github.com/Gimel-Foundation/gauth/pkg/audit/event/types.go:155.17,156.17 1 0
github.com/Gimel-Foundation/gauth/pkg/audit/event/types.go:157.17,158.17 1 0
github.com/Gimel-Foundation/gauth/pkg/audit/event/types.go:159.16,160.16 1 0
github.com/Gimel-Foundation/gauth/pkg/audit/event/types.go:161.19,162.19 1 0
github.com/Gimel-Foundation/gauth/pkg/audit/event/types.go:163.17,164.17 1 0
github.com/Gimel-Foundation/gauth/pkg/audit/event/types.go:165.10,166.19 1 0
github.com/Gimel-Foundation/gauth/pkg/audit/event/types.go:171.33,172.11 1 0
github.com/Gimel-Foundation/gauth/pkg/audit/event/types.go:173.21,174.19 1 0
github.com/Gimel-Foundation/gauth/pkg/audit/event/types.go:175.21,176.19 1 0
github.com/Gimel-Foundation/gauth/pkg/audit/event/types.go:177.20,178.18 1 0
github.com/Gimel-Foundation/gauth/pkg/audit/event/types.go:179.19,180.17 1 0
github.com/Gimel-Foundation/gauth/pkg/audit/event/types.go:181.10,182.19 1 0
github.com/Gimel-Foundation/gauth/pkg/audit/audit.go:43.53,44.11 1 0
github.com/Gimel-Foundation/gauth/pkg/audit/audit.go:45.14,46.33 1 0
github.com/Gimel-Foundation/gauth/pkg/audit/audit.go:47.20,48.31 1 0
github.com/Gimel-Foundation/gauth/pkg/audit/audit.go:49.15,50.32 1 0
github.com/Gimel-Foundation/gauth/pkg/audit/audit.go:51.22,52.33 1 0
github.com/Gimel-Foundation/gauth/pkg/audit/audit.go:53.27,54.38 1 0
github.com/Gimel-Foundation/gauth/pkg/audit/audit.go:55.30,56.41 1 0
github.com/Gimel-Foundation/gauth/pkg/audit/audit.go:57.28,58.39 1 0
github.com/Gimel-Foundation/gauth/pkg/audit/audit.go:59.22,60.33 1 0
github.com/Gimel-Foundation/gauth/pkg/audit/audit.go:61.10,62.33 1 0
github.com/Gimel-Foundation/gauth/pkg/audit/audit.go:98.38,100.2 1 0
github.com/Gimel-Foundation/gauth/pkg/audit/audit.go:104.64,117.2 3 0
github.com/Gimel-Foundation/gauth/pkg/audit/audit.go:120.36,124.2 1 0
github.com/Gimel-Foundation/gauth/pkg/audit/audit.go:127.107,154.26 7 0
github.com/Gimel-Foundation/gauth/pkg/audit/audit.go:154.26,156.3 1 0
github.com/Gimel-Foundation/gauth/pkg/audit/audit.go:160.67,165.15 4 0
github.com/Gimel-Foundation/gauth/pkg/audit/audit.go:165.15,167.3 1 0
github.com/Gimel-Foundation/gauth/pkg/audit/audit.go:169.2,171.15 3 0
github.com/Gimel-Foundation/gauth/pkg/audit/audit.go:175.53,178.22 2 0
github.com/Gimel-Foundation/gauth/pkg/audit/audit.go:178.22,181.3 2 0
github.com/Gimel-Foundation/gauth/pkg/audit/audit.go:183.2,186.31 3 0
github.com/Gimel-Foundation/gauth/pkg/audit/audit.go:186.31,191.29 5 0
github.com/Gimel-Foundation/gauth/pkg/audit/audit.go:191.29,193.4 1 0
github.com/Gimel-Foundation/gauth/pkg/audit/audit.go:194.3,194.28 1 0
github.com/Gimel-Foundation/gauth/pkg/audit/audit.go:194.28,196.4 1 0
github.com/Gimel-Foundation/gauth/pkg/audit/audit.go:197.3,198.27 2 0
github.com/Gimel-Foundation/gauth/pkg/audit/audit.go:198.27,200.4 1 0
github.com/Gimel-Foundation/gauth/pkg/audit/audit.go:201.3,201.53 1 0
github.com/Gimel-Foundation/gauth/pkg/audit/audit.go:206.75,211.34 4 0
github.com/Gimel-Foundation/gauth/pkg/audit/audit.go:211.34,212.33 1 0
github.com/Gimel-Foundation/gauth/pkg/audit/audit.go:212.33,214.4 1 0
github.com/Gimel-Foundation/gauth/pkg/audit/audit.go:216.2,216.15 1 0
github.com/Gimel-Foundation/gauth/pkg/audit/audit.go:220.85,225.34 4 0
github.com/Gimel-Foundation/gauth/pkg/audit/audit.go:225.34,226.43 1 0
github.com/Gimel-Foundation/gauth/pkg/audit/audit.go:226.43,228.4 1 0
github.com/Gimel-Foundation/gauth/pkg/audit/audit.go:230.2,230.15 1 0
github.com/Gimel-Foundation/gauth/pkg/audit/audit.go:234.58,239.34 4 0
github.com/Gimel-Foundation/gauth/pkg/audit/audit.go:239.34,240.21 1 0
github.com/Gimel-Foundation/gauth/pkg/audit/audit.go:240.21,242.4 1 0
github.com/Gimel-Foundation/gauth/pkg/audit/audit.go:244.2,244.15 1 0
github.com/Gimel-Foundation/gauth/pkg/audit/audit.go:248.67,255.34 5 0
github.com/Gimel-Foundation/gauth/pkg/audit/audit.go:255.34,256.36 1 0
github.com/Gimel-Foundation/gauth/pkg/audit/audit.go:256.36,258.4 1 0
github.com/Gimel-Foundation/gauth/pkg/audit/audit.go:261.2,261.23 1 0
github.com/Gimel-Foundation/gauth/pkg/audit/entry.go:40.34,48.2 1 12
github.com/Gimel-Foundation/gauth/pkg/audit/entry.go:51.50,55.2 3 5
github.com/Gimel-Foundation/gauth/pkg/audit/entry.go:58.50,61.2 2 5
github.com/Gimel-Foundation/gauth/pkg/audit/entry.go:64.51,68.2 3 1
github.com/Gimel-Foundation/gauth/pkg/audit/entry.go:71.50,74.2 2 3
github.com/Gimel-Foundation/gauth/pkg/audit/entry.go:77.63,80.2 2 1
github.com/Gimel-Foundation/gauth/pkg/audit/entry.go:83.40,93.2 9 3
github.com/Gimel-Foundation/gauth/pkg/audit/entry.go:96.26,98.2 1 12
github.com/Gimel-Foundation/gauth/pkg/audit/file_storage.go:38.62,39.28 1 4
github.com/Gimel-Foundation/gauth/pkg/audit/file_storage.go:39.28,41.3 1 0
github.com/Gimel-Foundation/gauth/pkg/audit/file_storage.go:44.2,44.60 1 4
github.com/Gimel-Foundation/gauth/pkg/audit/file_storage.go:44.60,46.3 1 0
github.com/Gimel-Foundation/gauth/pkg/audit/file_storage.go:48.2,52.36 2 4
github.com/Gimel-Foundation/gauth/pkg/audit/file_storage.go:52.36,54.3 1 0
github.com/Gimel-Foundation/gauth/pkg/audit/file_storage.go:56.2,56.16 1 4
github.com/Gimel-Foundation/gauth/pkg/audit/file_storage.go:60.71,65.16 4 8
github.com/Gimel-Foundation/gauth/pkg/audit/file_storage.go:65.16,67.3 1 0
github.com/Gimel-Foundation/gauth/pkg/audit/file_storage.go:69.2,69.49 1 8
github.com/Gimel-Foundation/gauth/pkg/audit/file_storage.go:69.49,71.3 1 0
github.com/Gimel-Foundation/gauth/pkg/audit/file_storage.go:72.2,72.55 1 8
github.com/Gimel-Foundation/gauth/pkg/audit/file_storage.go:72.55,74.3 1 0
github.com/Gimel-Foundation/gauth/pkg/audit/file_storage.go:76.2,76.26 1 8
github.com/Gimel-Foundation/gauth/pkg/audit/file_storage.go:80.86,88.16 5 3
github.com/Gimel-Foundation/gauth/pkg/audit/file_storage.go:88.16,90.3 1 0
github.com/Gimel-Foundation/gauth/pkg/audit/file_storage.go:93.2,93.29 1 3
github.com/Gimel-Foundation/gauth/pkg/audit/file_storage.go:93.29,94.68 1 3
github.com/Gimel-Foundation/gauth/pkg/audit/file_storage.go:94.68,96.4 1 0
github.com/Gimel-Foundation/gauth/pkg/audit/file_storage.go:97.3,97.55 1 3
github.com/Gimel-Foundation/gauth/pkg/audit/file_storage.go:97.55,98.9 1 0
github.com/Gimel-Foundation/gauth/pkg/audit/file_storage.go:102.2,102.21 1 3
github.com/Gimel-Foundation/gauth/pkg/audit/file_storage.go:106.80,111.16 4 3
github.com/Gimel-Foundation/gauth/pkg/audit/file_storage.go:111.16,113.3 1 0
github.com/Gimel-Foundation/gauth/pkg/audit/file_storage.go:115.2,115.29 1 3
github.com/Gimel-Foundation/gauth/pkg/audit/file_storage.go:115.29,117.17 2 3
github.com/Gimel-Foundation/gauth/pkg/audit/file_storage.go:117.17,118.12 1 0
github.com/Gimel-Foundation/gauth/pkg/audit/file_storage.go:120.3,121.22 2 3
github.com/Gimel-Foundation/gauth/pkg/audit/file_storage.go:121.22,123.66 2 3
github.com/Gimel-Foundation/gauth/pkg/audit/file_storage.go:123.66,124.13 1 0
github.com/Gimel-Foundation/gauth/pkg/audit/file_storage.go:126.4,126.22 1 3
github.com/Gimel-Foundation/gauth/pkg/audit/file_storage.go:126.22,129.5 2 2
github.com/Gimel-Foundation/gauth/pkg/audit/file_storage.go:131.3,131.12 1 1
github.com/Gimel-Foundation/gauth/pkg/audit/file_storage.go:133.2,133.43 1 1
github.com/Gimel-Foundation/gauth/pkg/audit/file_storage.go:137.88,141.2 1 1
github.com/Gimel-Foundation/gauth/pkg/audit/file_storage.go:144.77,149.16 4 1
github.com/Gimel-Foundation/gauth/pkg/audit/file_storage.go:149.16,151.3 1 0
github.com/Gimel-Foundation/gauth/pkg/audit/file_storage.go:153.2,153.29 1 1
github.com/Gimel-Foundation/gauth/pkg/audit/file_storage.go:153.29,155.17 2 1
github.com/Gimel-Foundation/gauth/pkg/audit/file_storage.go:155.17,156.12 1 0
github.com/Gimel-Foundation/gauth/pkg/audit/file_storage.go:158.3,162.17 4 1
github.com/Gimel-Foundation/gauth/pkg/audit/file_storage.go:162.17,164.12 2 0
github.com/Gimel-Foundation/gauth/pkg/audit/file_storage.go:167.3,170.22 4 1
github.com/Gimel-Foundation/gauth/pkg/audit/file_storage.go:170.22,172.66 2 2
github.com/Gimel-Foundation/gauth/pkg/audit/file_storage.go:172.66,173.13 1 0
github.com/Gimel-Foundation/gauth/pkg/audit/file_storage.go:175.4,175.37 1 2
github.com/Gimel-Foundation/gauth/pkg/audit/file_storage.go:175.37,177.19 2 1
github.com/Gimel-Foundation/gauth/pkg/audit/file_storage.go:177.19,178.14 1 0
github.com/Gimel-Foundation/gauth/pkg/audit/file_storage.go:180.5,182.11 3 1
github.com/Gimel-Foundation/gauth/pkg/audit/file_storage.go:185.3,189.16 4 1
github.com/Gimel-Foundation/gauth/pkg/audit/file_storage.go:189.16,192.4 2 0
github.com/Gimel-Foundation/gauth/pkg/audit/file_storage.go:192.9,194.4 1 1
github.com/Gimel-Foundation/gauth/pkg/audit/file_storage.go:197.2,197.12 1 1
github.com/Gimel-Foundation/gauth/pkg/audit/file_storage.go:201.38,205.22 3 4
github.com/Gimel-Foundation/gauth/pkg/audit/file_storage.go:205.22,206.43 1 4
github.com/Gimel-Foundation/gauth/pkg/audit/file_storage.go:206.43,208.4 1 0
github.com/Gimel-Foundation/gauth/pkg/audit/file_storage.go:210.2,210.20 1 4
github.com/Gimel-Foundation/gauth/pkg/audit/file_storage.go:210.20,212.3 1 4
github.com/Gimel-Foundation/gauth/pkg/audit/file_storage.go:213.2,213.12 1 0
github.com/Gimel-Foundation/gauth/pkg/audit/file_storage.go:218.39,219.20 1 4
github.com/Gimel-Foundation/gauth/pkg/audit/file_storage.go:219.20,220.36 1 0
github.com/Gimel-Foundation/gauth/pkg/audit/file_storage.go:220.36,222.4 1 0
github.com/Gimel-Foundation/gauth/pkg/audit/file_storage.go:225.2,227.16 3 4
github.com/Gimel-Foundation/gauth/pkg/audit/file_storage.go:227.16,229.3 1 0
github.com/Gimel-Foundation/gauth/pkg/audit/file_storage.go:231.2,233.12 3 4
github.com/Gimel-Foundation/gauth/pkg/audit/file_storage.go:236.114,238.16 2 3
github.com/Gimel-Foundation/gauth/pkg/audit/file_storage.go:238.16,240.3 1 0
github.com/Gimel-Foundation/gauth/pkg/audit/file_storage.go:241.2,244.21 3 3
github.com/Gimel-Foundation/gauth/pkg/audit/file_storage.go:244.21,245.10 1 8
github.com/Gimel-Foundation/gauth/pkg/audit/file_storage.go:246.21,247.20 1 0
github.com/Gimel-Foundation/gauth/pkg/audit/file_storage.go:248.11,248.11 0 8
github.com/Gimel-Foundation/gauth/pkg/audit/file_storage.go:251.3,252.65 2 8
github.com/Gimel-Foundation/gauth/pkg/audit/file_storage.go:252.65,253.12 1 0
github.com/Gimel-Foundation/gauth/pkg/audit/file_storage.go:256.3,256.39 1 8
github.com/Gimel-Foundation/gauth/pkg/audit/file_storage.go:256.39,258.57 2 6
github.com/Gimel-Foundation/gauth/pkg/audit/file_storage.go:258.57,259.10 1 0
github.com/Gimel-Foundation/gauth/pkg/audit/file_storage.go:264.2,264.22 1 3
github.com/Gimel-Foundation/gauth/pkg/audit/file_storage.go:267.73,269.30 1 8
github.com/Gimel-Foundation/gauth/pkg/audit/file_storage.go:269.30,271.38 2 3
github.com/Gimel-Foundation/gauth/pkg/audit/file_storage.go:271.38,272.27 1 3
github.com/Gimel-Foundation/gauth/pkg/audit/file_storage.go:272.27,274.10 2 2
github.com/Gimel-Foundation/gauth/pkg/audit/file_storage.go:277.3,277.18 1 3
github.com/Gimel-Foundation/gauth/pkg/audit/file_storage.go:277.18,279.4 1 1
github.com/Gimel-Foundation/gauth/pkg/audit/file_storage.go:281.2,281.19 1 7
github.com/Gimel-Foundation/gauth/pkg/audit/file_storage.go:281.19,283.3 1 0
github.com/Gimel-Foundation/gauth/pkg/audit/file_storage.go:286.2,286.27 1 7
github.com/Gimel-Foundation/gauth/pkg/audit/file_storage.go:286.27,288.34 2 3
github.com/Gimel-Foundation/gauth/pkg/audit/file_storage.go:288.34,289.23 1 3
github.com/Gimel-Foundation/gauth/pkg/audit/file_storage.go:289.23,291.10 2 2
github.com/Gimel-Foundation/gauth/pkg/audit/file_storage.go:294.3,294.17 1 3
github.com/Gimel-Foundation/gauth/pkg/audit/file_storage.go:294.17,296.4 1 1
github.com/Gimel-Foundation/gauth/pkg/audit/file_storage.go:300.2,300.29 1 6
github.com/Gimel-Foundation/gauth/pkg/audit/file_storage.go:300.29,302.36 2 0
github.com/Gimel-Foundation/gauth/pkg/audit/file_storage.go:302.36,303.25 1 0
github.com/Gimel-Foundation/gauth/pkg/audit/file_storage.go:303.25,305.10 2 0
github.com/Gimel-Foundation/gauth/pkg/audit/file_storage.go:308.3,308.19 1 0
github.com/Gimel-Foundation/gauth/pkg/audit/file_storage.go:308.19,310.4 1 0
github.com/Gimel-Foundation/gauth/pkg/audit/file_storage.go:314.2,314.29 1 6
github.com/Gimel-Foundation/gauth/pkg/audit/file_storage.go:314.29,316.36 2 0
github.com/Gimel-Foundation/gauth/pkg/audit/file_storage.go:316.36,317.25 1 0
github.com/Gimel-Foundation/gauth/pkg/audit/file_storage.go:317.25,319.10 2 0
github.com/Gimel-Foundation/gauth/pkg/audit/file_storage.go:322.3,322.19 1 0
github.com/Gimel-Foundation/gauth/pkg/audit/file_storage.go:322.19,324.4 1 0
github.com/Gimel-Foundation/gauth/pkg/audit/file_storage.go:328.2,328.29 1 6
github.com/Gimel-Foundation/gauth/pkg/audit/file_storage.go:328.29,330.48 1 0
github.com/Gimel-Foundation/gauth/pkg/audit/file_storage.go:330.48,332.4 1 0
github.com/Gimel-Foundation/gauth/pkg/audit/file_storage.go:336.2,336.61 1 6
github.com/Gimel-Foundation/gauth/pkg/audit/file_storage.go:336.61,338.3 1 0
github.com/Gimel-Foundation/gauth/pkg/audit/file_storage.go:341.2,341.26 1 6
github.com/Gimel-Foundation/gauth/pkg/audit/file_storage.go:341.26,343.39 2 0
github.com/Gimel-Foundation/gauth/pkg/audit/file_storage.go:343.39,344.35 1 0
github.com/Gimel-Foundation/gauth/pkg/audit/file_storage.go:344.35,345.23 1 0
github.com/Gimel-Foundation/gauth/pkg/audit/file_storage.go:345.23,347.11 2 0
github.com/Gimel-Foundation/gauth/pkg/audit/file_storage.go:350.4,350.16 1 0
github.com/Gimel-Foundation/gauth/pkg/audit/file_storage.go:350.16,351.10 1 0
github.com/Gimel-Foundation/gauth/pkg/audit/file_storage.go:354.3,354.16 1 0
github.com/Gimel-Foundation/gauth/pkg/audit/file_storage.go:354.16,356.4 1 0
github.com/Gimel-Foundation/gauth/pkg/audit/file_storage.go:360.2,360.37 1 6
github.com/Gimel-Foundation/gauth/pkg/audit/file_storage.go:360.37,362.14 2 0
github.com/Gimel-Foundation/gauth/pkg/audit/file_storage.go:362.14,364.4 1 0
github.com/Gimel-Foundation/gauth/pkg/audit/file_storage.go:365.3,365.22 1 0
github.com/Gimel-Foundation/gauth/pkg/audit/file_storage.go:366.13,367.25 1 0
github.com/Gimel-Foundation/gauth/pkg/audit/file_storage.go:367.25,369.5 1 0
github.com/Gimel-Foundation/gauth/pkg/audit/file_storage.go:370.13,371.25 1 0
github.com/Gimel-Foundation/gauth/pkg/audit/file_storage.go:371.25,373.5 1 0
github.com/Gimel-Foundation/gauth/pkg/audit/file_storage.go:374.19,375.34 1 0
github.com/Gimel-Foundation/gauth/pkg/audit/file_storage.go:375.34,377.5 1 0
github.com/Gimel-Foundation/gauth/pkg/audit/file_storage.go:381.2,381.13 1 6
github.com/Gimel-Foundation/gauth/pkg/audit/file_storage.go:384.43,387.18 3 0
github.com/Gimel-Foundation/gauth/pkg/audit/file_storage.go:387.18,389.3 1 0
github.com/Gimel-Foundation/gauth/pkg/audit/file_storage.go:390.2,390.123 1 0
github.com/Gimel-Foundation/gauth/pkg/audit/metrics.go:20.44,84.2 3 1
github.com/Gimel-Foundation/gauth/pkg/audit/metrics.go:87.70,90.2 2 1
github.com/Gimel-Foundation/gauth/pkg/audit/metrics.go:93.94,95.2 1 1
github.com/Gimel-Foundation/gauth/pkg/audit/metrics.go:98.66,100.2 1 1
github.com/Gimel-Foundation/gauth/pkg/audit/metrics.go:103.42,105.2 1 1
github.com/Gimel-Foundation/gauth/pkg/audit/metrics.go:108.68,110.2 1 1
github.com/Gimel-Foundation/gauth/pkg/audit/redis_storage.go:47.65,48.32 1 1
github.com/Gimel-Foundation/gauth/pkg/audit/redis_storage.go:48.32,50.3 1 0
github.com/Gimel-Foundation/gauth/pkg/audit/redis_storage.go:52.2,53.31 2 1
github.com/Gimel-Foundation/gauth/pkg/audit/redis_storage.go:53.31,62.3 1 0
github.com/Gimel-Foundation/gauth/pkg/audit/redis_storage.go:62.8,71.3 1 1
github.com/Gimel-Foundation/gauth/pkg/audit/redis_storage.go:74.2,74.64 1 1
github.com/Gimel-Foundation/gauth/pkg/audit/redis_storage.go:74.64,76.3 1 1
github.com/Gimel-Foundation/gauth/pkg/audit/redis_storage.go:78.2,82.8 1 0
github.com/Gimel-Foundation/gauth/pkg/audit/redis_storage.go:86.72,88.16 2 0
github.com/Gimel-Foundation/gauth/pkg/audit/redis_storage.go:88.16,90.3 1 0
github.com/Gimel-Foundation/gauth/pkg/audit/redis_storage.go:93.2,94.75 2 0
github.com/Gimel-Foundation/gauth/pkg/audit/redis_storage.go:94.75,96.3 1 0
github.com/Gimel-Foundation/gauth/pkg/audit/redis_storage.go:99.2,100.69 2 0
github.com/Gimel-Foundation/gauth/pkg/audit/redis_storage.go:100.69,102.3 1 0
github.com/Gimel-Foundation/gauth/pkg/audit/redis_storage.go:105.2,105.25 1 0
github.com/Gimel-Foundation/gauth/pkg/audit/redis_storage.go:105.25,107.71 2 0
github.com/Gimel-Foundation/gauth/pkg/audit/redis_storage.go:107.71,109.4 1 0
github.com/Gimel-Foundation/gauth/pkg/audit/redis_storage.go:113.2,113.25 1 0
github.com/Gimel-Foundation/gauth/pkg/audit/redis_storage.go:113.25,115.71 2 0
github.com/Gimel-Foundation/gauth/pkg/audit/redis_storage.go:115.71,117.4 1 0
github.com/Gimel-Foundation/gauth/pkg/audit/redis_storage.go:121.2,122.69 2 0
github.com/Gimel-Foundation/gauth/pkg/audit/redis_storage.go:122.69,124.3 1 0
github.com/Gimel-Foundation/gauth/pkg/audit/redis_storage.go:126.2,126.12 1 0
github.com/Gimel-Foundation/gauth/pkg/audit/redis_storage.go:130.87,135.27 3 0
github.com/Gimel-Foundation/gauth/pkg/audit/redis_storage.go:135.27,138.34 2 0
github.com/Gimel-Foundation/gauth/pkg/audit/redis_storage.go:138.34,140.4 1 0
github.com/Gimel-Foundation/gauth/pkg/audit/redis_storage.go:141.3,141.57 1 0
github.com/Gimel-Foundation/gauth/pkg/audit/redis_storage.go:142.8,147.7 4 0
github.com/Gimel-Foundation/gauth/pkg/audit/redis_storage.go:147.7,149.18 2 0
github.com/Gimel-Foundation/gauth/pkg/audit/redis_storage.go:149.18,151.5 1 0
github.com/Gimel-Foundation/gauth/pkg/audit/redis_storage.go:152.4,152.29 1 0
github.com/Gimel-Foundation/gauth/pkg/audit/redis_storage.go:152.29,154.5 1 0
github.com/Gimel-Foundation/gauth/pkg/audit/redis_storage.go:155.4,155.19 1 0
github.com/Gimel-Foundation/gauth/pkg/audit/redis_storage.go:155.19,156.10 1 0
github.com/Gimel-Foundation/gauth/pkg/audit/redis_storage.go:161.2,161.16 1 0
github.com/Gimel-Foundation/gauth/pkg/audit/redis_storage.go:161.16,163.3 1 0
github.com/Gimel-Foundation/gauth/pkg/audit/redis_storage.go:166.2,166.30 1 0
github.com/Gimel-Foundation/gauth/pkg/audit/redis_storage.go:166.30,168.41 2 0
github.com/Gimel-Foundation/gauth/pkg/audit/redis_storage.go:168.41,170.4 1 0
github.com/Gimel-Foundation/gauth/pkg/audit/redis_storage.go:171.3,172.17 2 0
github.com/Gimel-Foundation/gauth/pkg/audit/redis_storage.go:172.17,174.4 1 0
github.com/Gimel-Foundation/gauth/pkg/audit/redis_storage.go:175.3,175.36 1 0
github.com/Gimel-Foundation/gauth/pkg/audit/redis_storage.go:179.2,179.29 1 0
github.com/Gimel-Foundation/gauth/pkg/audit/redis_storage.go:179.29,182.17 3 0
github.com/Gimel-Foundation/gauth/pkg/audit/redis_storage.go:182.17,184.4 1 0
github.com/Gimel-Foundation/gauth/pkg/audit/redis_storage.go:185.3,185.35 1 0
github.com/Gimel-Foundation/gauth/pkg/audit/redis_storage.go:189.2,192.25 4 0
github.com/Gimel-Foundation/gauth/pkg/audit/redis_storage.go:192.25,194.3 1 0
github.com/Gimel-Foundation/gauth/pkg/audit/redis_storage.go:195.2,196.36 2 0
github.com/Gimel-Foundation/gauth/pkg/audit/redis_storage.go:196.36,198.3 1 0
github.com/Gimel-Foundation/gauth/pkg/audit/redis_storage.go:200.2,200.27 1 0
github.com/Gimel-Foundation/gauth/pkg/audit/redis_storage.go:200.27,202.23 2 0
github.com/Gimel-Foundation/gauth/pkg/audit/redis_storage.go:202.23,203.12 1 0
github.com/Gimel-Foundation/gauth/pkg/audit/redis_storage.go:205.3,205.17 1 0
github.com/Gimel-Foundation/gauth/pkg/audit/redis_storage.go:205.17,207.4 1 0
github.com/Gimel-Foundation/gauth/pkg/audit/redis_storage.go:209.3,210.54 2 0
github.com/Gimel-Foundation/gauth/pkg/audit/redis_storage.go:210.54,212.4 1 0
github.com/Gimel-Foundation/gauth/pkg/audit/redis_storage.go:214.3,214.39 1 0
github.com/Gimel-Foundation/gauth/pkg/audit/redis_storage.go:214.39,216.4 1 0
github.com/Gimel-Foundation/gauth/pkg/audit/redis_storage.go:218.3,218.55 1 0
github.com/Gimel-Foundation/gauth/pkg/audit/redis_storage.go:218.55,219.9 1 0
github.com/Gimel-Foundation/gauth/pkg/audit/redis_storage.go:223.2,223.21 1 0
github.com/Gimel-Foundation/gauth/pkg/audit/redis_storage.go:227.81,229.22 2 0
github.com/Gimel-Foundation/gauth/pkg/audit/redis_storage.go:229.22,231.3 1 0
github.com/Gimel-Foundation/gauth/pkg/audit/redis_storage.go:232.2,232.16 1 0
github.com/Gimel-Foundation/gauth/pkg/audit/redis_storage.go:232.16,234.3 1 0
github.com/Gimel-Foundation/gauth/pkg/audit/redis_storage.go:236.2,237.53 2 0
github.com/Gimel-Foundation/gauth/pkg/audit/redis_storage.go:237.53,239.3 1 0
github.com/Gimel-Foundation/gauth/pkg/audit/redis_storage.go:241.2,241.20 1 0
github.com/Gimel-Foundation/gauth/pkg/audit/redis_storage.go:245.89,249.2 1 0
github.com/Gimel-Foundation/gauth/pkg/audit/redis_storage.go:252.78,255.6 3 0
github.com/Gimel-Foundation/gauth/pkg/audit/redis_storage.go:255.6,259.17 4 0
github.com/Gimel-Foundation/gauth/pkg/audit/redis_storage.go:259.17,261.4 1 0
github.com/Gimel-Foundation/gauth/pkg/audit/redis_storage.go:263.3,263.28 1 0
github.com/Gimel-Foundation/gauth/pkg/audit/redis_storage.go:263.28,265.24 2 0
github.com/Gimel-Foundation/gauth/pkg/audit/redis_storage.go:265.24,267.19 2 0
github.com/Gimel-Foundation/gauth/pkg/audit/redis_storage.go:267.19,268.14 1 0
github.com/Gimel-Foundation/gauth/pkg/audit/redis_storage.go:272.5,273.28 2 0
github.com/Gimel-Foundation/gauth/pkg/audit/redis_storage.go:273.28,275.6 1 0
github.com/Gimel-Foundation/gauth/pkg/audit/redis_storage.go:276.5,277.45 2 0
github.com/Gimel-Foundation/gauth/pkg/audit/redis_storage.go:277.45,279.6 1 0
github.com/Gimel-Foundation/gauth/pkg/audit/redis_storage.go:283.3,283.18 1 0
github.com/Gimel-Foundation/gauth/pkg/audit/redis_storage.go:283.18,284.9 1 0
github.com/Gimel-Foundation/gauth/pkg/audit/redis_storage.go:288.2,288.12 1 0
github.com/Gimel-Foundation/gauth/pkg/audit/redis_storage.go:292.39,294.2 1 0
github.com/Gimel-Foundation/gauth/pkg/audit/redis_storage.go:298.52,300.2 1 0
github.com/Gimel-Foundation/gauth/pkg/audit/redis_storage.go:302.52,304.2 1 0
github.com/Gimel-Foundation/gauth/pkg/audit/redis_storage.go:306.57,308.2 1 0
github.com/Gimel-Foundation/gauth/pkg/audit/redis_storage.go:310.57,312.2 1 0
github.com/Gimel-Foundation/gauth/pkg/audit/redis_storage.go:314.53,316.2 1 0
github.com/Gimel-Foundation/gauth/pkg/audit/redis_storage.go:318.54,320.2 1 0
github.com/Gimel-Foundation/gauth/pkg/audit/redis_storage.go:322.59,326.2 3 0
github.com/Gimel-Foundation/gauth/pkg/audit/redis_storage.go:328.72,330.56 2 0
github.com/Gimel-Foundation/gauth/pkg/audit/redis_storage.go:330.56,332.3 1 0
github.com/Gimel-Foundation/gauth/pkg/audit/redis_storage.go:333.2,333.13 1 0
github.com/Gimel-Foundation/gauth/pkg/audit/redis_storage.go:336.74,337.19 1 0
github.com/Gimel-Foundation/gauth/pkg/audit/redis_storage.go:337.19,339.3 1 0
github.com/Gimel-Foundation/gauth/pkg/audit/redis_storage.go:341.2,341.27 1 0
github.com/Gimel-Foundation/gauth/pkg/audit/redis_storage.go:341.27,343.34 2 0
github.com/Gimel-Foundation/gauth/pkg/audit/redis_storage.go:343.34,344.23 1 0
github.com/Gimel-Foundation/gauth/pkg/audit/redis_storage.go:344.23,346.10 2 0
github.com/Gimel-Foundation/gauth/pkg/audit/redis_storage.go:349.3,349.13 1 0
github.com/Gimel-Foundation/gauth/pkg/audit/redis_storage.go:349.13,351.4 1 0
github.com/Gimel-Foundation/gauth/pkg/audit/redis_storage.go:354.2,354.30 1 0
github.com/Gimel-Foundation/gauth/pkg/audit/redis_storage.go:354.30,356.37 2 0
github.com/Gimel-Foundation/gauth/pkg/audit/redis_storage.go:356.37,357.26 1 0
github.com/Gimel-Foundation/gauth/pkg/audit/redis_storage.go:357.26,359.10 2 0
github.com/Gimel-Foundation/gauth/pkg/audit/redis_storage.go:362.3,362.13 1 0
github.com/Gimel-Foundation/gauth/pkg/audit/redis_storage.go:362.13,364.4 1 0
github.com/Gimel-Foundation/gauth/pkg/audit/redis_storage.go:367.2,367.61 1 0
github.com/Gimel-Foundation/gauth/pkg/audit/redis_storage.go:367.61,369.3 1 0
github.com/Gimel-Foundation/gauth/pkg/audit/redis_storage.go:371.2,371.29 1 0
github.com/Gimel-Foundation/gauth/pkg/audit/redis_storage.go:371.29,372.100 1 0
github.com/Gimel-Foundation/gauth/pkg/audit/redis_storage.go:372.100,374.4 1 0
github.com/Gimel-Foundation/gauth/pkg/audit/redis_storage.go:376.2,376.13 1 0
github.com/Gimel-Foundation/gauth/pkg/audit/redis_storage.go:380.43,382.25 2 0
github.com/Gimel-Foundation/gauth/pkg/audit/redis_storage.go:382.25,384.3 1 0
github.com/Gimel-Foundation/gauth/pkg/audit/redis_storage.go:386.2,387.25 2 0
github.com/Gimel-Foundation/gauth/pkg/audit/redis_storage.go:387.25,388.14 1 0
github.com/Gimel-Foundation/gauth/pkg/audit/redis_storage.go:388.14,390.4 1 0
github.com/Gimel-Foundation/gauth/pkg/audit/redis_storage.go:392.2,392.15 1 0
github.com/Gimel-Foundation/gauth/pkg/audit/sql_storage.go:74.59,76.16 2 1
github.com/Gimel-Foundation/gauth/pkg/audit/sql_storage.go:76.16,78.3 1 0
github.com/Gimel-Foundation/gauth/pkg/audit/sql_storage.go:80.2,80.34 1 1
github.com/Gimel-Foundation/gauth/pkg/audit/sql_storage.go:80.34,83.3 2 1
github.com/Gimel-Foundation/gauth/pkg/audit/sql_storage.go:85.2,90.51 4 0
github.com/Gimel-Foundation/gauth/pkg/audit/sql_storage.go:90.51,93.3 2 0
github.com/Gimel-Foundation/gauth/pkg/audit/sql_storage.go:95.2,95.33 1 0
github.com/Gimel-Foundation/gauth/pkg/audit/sql_storage.go:99.69,112.16 3 0
github.com/Gimel-Foundation/gauth/pkg/audit/sql_storage.go:112.16,114.3 1 0
github.com/Gimel-Foundation/gauth/pkg/audit/sql_storage.go:116.2,117.16 2 0
github.com/Gimel-Foundation/gauth/pkg/audit/sql_storage.go:117.16,119.3 1 0
github.com/Gimel-Foundation/gauth/pkg/audit/sql_storage.go:121.2,131.16 2 0
github.com/Gimel-Foundation/gauth/pkg/audit/sql_storage.go:131.16,133.3 1 0
github.com/Gimel-Foundation/gauth/pkg/audit/sql_storage.go:135.2,135.12 1 0
github.com/Gimel-Foundation/gauth/pkg/audit/sql_storage.go:139.84,144.27 4 0
github.com/Gimel-Foundation/gauth/pkg/audit/sql_storage.go:144.27,146.34 2 0
github.com/Gimel-Foundation/gauth/pkg/audit/sql_storage.go:146.34,150.4 3 0
github.com/Gimel-Foundation/gauth/pkg/audit/sql_storage.go:151.3,151.105 1 0
github.com/Gimel-Foundation/gauth/pkg/audit/sql_storage.go:154.2,154.30 1 0
github.com/Gimel-Foundation/gauth/pkg/audit/sql_storage.go:154.30,156.38 2 0
github.com/Gimel-Foundation/gauth/pkg/audit/sql_storage.go:156.38,160.4 3 0
github.com/Gimel-Foundation/gauth/pkg/audit/sql_storage.go:161.3,161.109 1 0
github.com/Gimel-Foundation/gauth/pkg/audit/sql_storage.go:164.2,164.29 1 0
github.com/Gimel-Foundation/gauth/pkg/audit/sql_storage.go:164.29,168.3 3 0
github.com/Gimel-Foundation/gauth/pkg/audit/sql_storage.go:170.2,170.26 1 0
github.com/Gimel-Foundation/gauth/pkg/audit/sql_storage.go:170.26,174.3 3 0
github.com/Gimel-Foundation/gauth/pkg/audit/sql_storage.go:176.2,177.25 2 0
github.com/Gimel-Foundation/gauth/pkg/audit/sql_storage.go:177.25,179.3 1 0
github.com/Gimel-Foundation/gauth/pkg/audit/sql_storage.go:180.2,182.22 2 0
github.com/Gimel-Foundation/gauth/pkg/audit/sql_storage.go:182.22,186.3 3 0
github.com/Gimel-Foundation/gauth/pkg/audit/sql_storage.go:188.2,188.23 1 0
github.com/Gimel-Foundation/gauth/pkg/audit/sql_storage.go:188.23,191.3 2 0
github.com/Gimel-Foundation/gauth/pkg/audit/sql_storage.go:193.2,194.16 2 0
github.com/Gimel-Foundation/gauth/pkg/audit/sql_storage.go:194.16,196.3 1 0
github.com/Gimel-Foundation/gauth/pkg/audit/sql_storage.go:197.2,200.18 3 0
github.com/Gimel-Foundation/gauth/pkg/audit/sql_storage.go:200.18,214.17 5 0
github.com/Gimel-Foundation/gauth/pkg/audit/sql_storage.go:214.17,216.4 1 0
github.com/Gimel-Foundation/gauth/pkg/audit/sql_storage.go:218.3,218.77 1 0
github.com/Gimel-Foundation/gauth/pkg/audit/sql_storage.go:218.77,220.4 1 0
github.com/Gimel-Foundation/gauth/pkg/audit/sql_storage.go:222.3,222.67 1 0
github.com/Gimel-Foundation/gauth/pkg/audit/sql_storage.go:222.67,224.4 1 0
github.com/Gimel-Foundation/gauth/pkg/audit/sql_storage.go:226.3,227.36 2 0
github.com/Gimel-Foundation/gauth/pkg/audit/sql_storage.go:230.2,230.35 1 0
github.com/Gimel-Foundation/gauth/pkg/audit/sql_storage.go:230.35,232.3 1 0
github.com/Gimel-Foundation/gauth/pkg/audit/sql_storage.go:234.2,234.21 1 0
github.com/Gimel-Foundation/gauth/pkg/audit/sql_storage.go:238.78,247.16 2 0
github.com/Gimel-Foundation/gauth/pkg/audit/sql_storage.go:247.16,249.3 1 0
github.com/Gimel-Foundation/gauth/pkg/audit/sql_storage.go:250.2,250.23 1 0
github.com/Gimel-Foundation/gauth/pkg/audit/sql_storage.go:250.23,252.3 1 0
github.com/Gimel-Foundation/gauth/pkg/audit/sql_storage.go:253.2,253.24 1 0
github.com/Gimel-Foundation/gauth/pkg/audit/sql_storage.go:257.86,261.2 1 0
github.com/Gimel-Foundation/gauth/pkg/audit/sql_storage.go:264.75,269.16 2 0
github.com/Gimel-Foundation/gauth/pkg/audit/sql_storage.go:269.16,271.3 1 0
github.com/Gimel-Foundation/gauth/pkg/audit/sql_storage.go:272.2,272.12 1 0
github.com/Gimel-Foundation/gauth/pkg/audit/sql_storage.go:276.36,278.2 1 0
github.com/Gimel-Foundation/gauth/pkg/common/event_type.go:36.36,37.11 1 0
github.com/Gimel-Foundation/gauth/pkg/common/event_type.go:38.24,39.24 1 0
github.com/Gimel-Foundation/gauth/pkg/common/event_type.go:40.22,41.22 1 0
github.com/Gimel-Foundation/gauth/pkg/common/event_type.go:42.23,43.23 1 0
github.com/Gimel-Foundation/gauth/pkg/common/event_type.go:44.24,45.24 1 0
github.com/Gimel-Foundation/gauth/pkg/common/event_type.go:46.29,47.29 1 0
github.com/Gimel-Foundation/gauth/pkg/common/event_type.go:48.32,49.32 1 0
github.com/Gimel-Foundation/gauth/pkg/common/event_type.go:50.30,51.30 1 0
github.com/Gimel-Foundation/gauth/pkg/common/event_type.go:52.24,53.24 1 0
github.com/Gimel-Foundation/gauth/pkg/common/event_type.go:54.10,55.19 1 0
github.com/Gimel-Foundation/gauth/pkg/events/handlers/audit_handler.go:26.51,33.2 1 0
github.com/Gimel-Foundation/gauth/pkg/events/handlers/audit_handler.go:36.73,38.2 1 0
github.com/Gimel-Foundation/gauth/pkg/events/handlers/audit_handler.go:41.51,49.25 3 0
github.com/Gimel-Foundation/gauth/pkg/events/handlers/audit_handler.go:49.25,51.3 1 0
github.com/Gimel-Foundation/gauth/pkg/events/handlers/audit_handler.go:54.2,54.26 1 0
github.com/Gimel-Foundation/gauth/pkg/events/handlers/audit_handler.go:54.26,56.3 1 0
github.com/Gimel-Foundation/gauth/pkg/events/handlers/audit_handler.go:60.51,61.16 1 0
github.com/Gimel-Foundation/gauth/pkg/events/handlers/audit_handler.go:61.16,64.3 1 0
github.com/Gimel-Foundation/gauth/pkg/events/handlers/audit_handler.go:67.2,70.15 4 0
github.com/Gimel-Foundation/gauth/pkg/events/handlers/filtered_handler.go:14.103,19.2 1 0
github.com/Gimel-Foundation/gauth/pkg/events/handlers/filtered_handler.go:22.54,24.21 1 0
github.com/Gimel-Foundation/gauth/pkg/events/handlers/filtered_handler.go:24.21,26.3 1 0
github.com/Gimel-Foundation/gauth/pkg/events/handlers/logging_handler.go:20.42,26.2 1 0
github.com/Gimel-Foundation/gauth/pkg/events/handlers/logging_handler.go:29.53,34.24 2 0
github.com/Gimel-Foundation/gauth/pkg/events/handlers/logging_handler.go:34.24,36.3 1 0
github.com/Gimel-Foundation/gauth/pkg/events/handlers/logging_handler.go:39.2,39.24 1 0
github.com/Gimel-Foundation/gauth/pkg/events/handlers/logging_handler.go:39.24,41.3 1 0
github.com/Gimel-Foundation/gauth/pkg/events/handlers/logging_handler.go:44.2,44.25 1 0
github.com/Gimel-Foundation/gauth/pkg/events/handlers/logging_handler.go:44.25,46.3 1 0
github.com/Gimel-Foundation/gauth/pkg/events/handlers/logging_handler.go:48.2,48.26 1 0
github.com/Gimel-Foundation/gauth/pkg/events/handlers/logging_handler.go:48.26,50.3 1 0
github.com/Gimel-Foundation/gauth/pkg/events/handlers/logging_handler.go:53.2,53.23 1 0
github.com/Gimel-Foundation/gauth/pkg/events/handlers/logging_handler.go:53.23,55.3 1 0
github.com/Gimel-Foundation/gauth/pkg/events/handlers/logging_handler.go:58.2,58.76 1 0
github.com/Gimel-Foundation/gauth/pkg/events/handlers/logging_handler.go:58.76,61.26 3 0
github.com/Gimel-Foundation/gauth/pkg/events/handlers/logging_handler.go:61.26,62.13 1 0
github.com/Gimel-Foundation/gauth/pkg/events/handlers/logging_handler.go:62.13,64.5 1 0
github.com/Gimel-Foundation/gauth/pkg/events/handlers/logging_handler.go:65.4,65.54 1 0
github.com/Gimel-Foundation/gauth/pkg/events/handlers/logging_handler.go:65.54,67.5 1 0
github.com/Gimel-Foundation/gauth/pkg/events/handlers/logging_handler.go:69.3,69.16 1 0
github.com/Gimel-Foundation/gauth/pkg/events/handlers/logging_handler.go:73.2,73.20 1 0
github.com/Gimel-Foundation/gauth/pkg/events/handlers/logging_handler.go:74.15,75.34 1 0
github.com/Gimel-Foundation/gauth/pkg/events/handlers/logging_handler.go:76.14,77.33 1 0
github.com/Gimel-Foundation/gauth/pkg/events/handlers/logging_handler.go:78.14,79.33 1 0
github.com/Gimel-Foundation/gauth/pkg/events/handlers/logging_handler.go:80.15,81.34 1 0
github.com/Gimel-Foundation/gauth/pkg/events/handlers/logging_handler.go:82.10,83.20 1 0
github.com/Gimel-Foundation/gauth/pkg/events/handlers/metrics_handler.go:31.42,35.2 1 0
github.com/Gimel-Foundation/gauth/pkg/events/handlers/metrics_handler.go:38.74,40.2 1 0
github.com/Gimel-Foundation/gauth/pkg/events/handlers/metrics_handler.go:43.53,45.20 1 0
github.com/Gimel-Foundation/gauth/pkg/events/handlers/metrics_handler.go:46.28,51.34 3 0
github.com/Gimel-Foundation/gauth/pkg/events/handlers/metrics_handler.go:51.34,53.4 1 0
github.com/Gimel-Foundation/gauth/pkg/events/handlers/metrics_handler.go:55.29,60.34 3 0
github.com/Gimel-Foundation/gauth/pkg/events/handlers/metrics_handler.go:60.34,62.4 1 0
github.com/Gimel-Foundation/gauth/pkg/events/handlers/metrics_handler.go:64.29,69.34 3 0
github.com/Gimel-Foundation/gauth/pkg/events/handlers/metrics_handler.go:69.34,71.4 1 0
github.com/Gimel-Foundation/gauth/pkg/events/handlers/metrics_handler.go:73.36,74.26 1 0
github.com/Gimel-Foundation/gauth/pkg/events/handlers/metrics_handler.go:78.2,78.22 1 0
github.com/Gimel-Foundation/gauth/pkg/events/handlers/metrics_handler.go:79.36,80.21 1 0
github.com/Gimel-Foundation/gauth/pkg/events/handlers/metrics_handler.go:81.64,82.21 1 0
github.com/Gimel-Foundation/gauth/pkg/events/handlers/metrics_handler.go:87.49,89.2 1 0
github.com/Gimel-Foundation/gauth/pkg/events/handlers/metrics_handler.go:92.50,94.2 1 0
github.com/Gimel-Foundation/gauth/pkg/events/handlers/metrics_handler.go:97.50,99.2 1 0
github.com/Gimel-Foundation/gauth/pkg/events/handlers/metrics_handler.go:102.52,104.2 1 0
github.com/Gimel-Foundation/gauth/pkg/events/handlers/metrics_handler.go:107.52,109.2 1 0
github.com/Gimel-Foundation/gauth/pkg/events/handlers/multi_handler.go:13.38,17.2 1 0
github.com/Gimel-Foundation/gauth/pkg/events/handlers/multi_handler.go:20.64,22.2 1 0
github.com/Gimel-Foundation/gauth/pkg/events/handlers/multi_handler.go:25.51,27.37 1 0
github.com/Gimel-Foundation/gauth/pkg/events/handlers/multi_handler.go:27.37,29.3 1 0
github.com/Gimel-Foundation/gauth/pkg/auth/auth.go:135.61,136.21 1 6
github.com/Gimel-Foundation/gauth/pkg/auth/auth.go:137.17,138.39 1 1
github.com/Gimel-Foundation/gauth/pkg/auth/auth.go:139.18,140.40 1 0
github.com/Gimel-Foundation/gauth/pkg/auth/auth.go:141.15,142.37 1 5
github.com/Gimel-Foundation/gauth/pkg/auth/auth.go:143.18,144.40 1 0
github.com/Gimel-Foundation/gauth/pkg/auth/auth.go:145.10,146.67 1 0
github.com/Gimel-Foundation/gauth/pkg/auth/basic.go:35.66,39.2 1 1
github.com/Gimel-Foundation/gauth/pkg/auth/basic.go:41.68,44.2 1 0
github.com/Gimel-Foundation/gauth/pkg/auth/basic.go:46.44,49.2 1 0
github.com/Gimel-Foundation/gauth/pkg/auth/basic.go:51.96,53.9 2 3
github.com/Gimel-Foundation/gauth/pkg/auth/basic.go:53.9,55.3 1 0
github.com/Gimel-Foundation/gauth/pkg/auth/basic.go:58.2,59.13 2 3
github.com/Gimel-Foundation/gauth/pkg/auth/basic.go:59.13,61.3 1 1
github.com/Gimel-Foundation/gauth/pkg/auth/basic.go:63.2,63.91 1 2
github.com/Gimel-Foundation/gauth/pkg/auth/basic.go:63.91,65.3 1 1
github.com/Gimel-Foundation/gauth/pkg/auth/basic.go:67.2,67.33 1 1
github.com/Gimel-Foundation/gauth/pkg/auth/basic.go:67.33,74.3 1 0
github.com/Gimel-Foundation/gauth/pkg/auth/basic.go:76.2,76.12 1 1
github.com/Gimel-Foundation/gauth/pkg/auth/basic.go:79.107,84.33 2 1
github.com/Gimel-Foundation/gauth/pkg/auth/basic.go:84.33,94.3 1 0
github.com/Gimel-Foundation/gauth/pkg/auth/basic.go:96.2,102.8 1 1
github.com/Gimel-Foundation/gauth/pkg/auth/basic.go:105.102,107.44 2 1
github.com/Gimel-Foundation/gauth/pkg/auth/basic.go:107.44,109.3 1 1
github.com/Gimel-Foundation/gauth/pkg/auth/basic.go:111.2,112.16 2 0
github.com/Gimel-Foundation/gauth/pkg/auth/basic.go:112.16,114.3 1 0
github.com/Gimel-Foundation/gauth/pkg/auth/basic.go:116.2,117.27 2 0
github.com/Gimel-Foundation/gauth/pkg/auth/basic.go:117.27,119.3 1 0
github.com/Gimel-Foundation/gauth/pkg/auth/basic.go:122.2,124.16 3 0
github.com/Gimel-Foundation/gauth/pkg/auth/basic.go:124.16,126.3 1 0
github.com/Gimel-Foundation/gauth/pkg/auth/basic.go:129.2,129.56 1 0
github.com/Gimel-Foundation/gauth/pkg/auth/basic.go:129.56,131.3 1 0
github.com/Gimel-Foundation/gauth/pkg/auth/basic.go:133.2,133.33 1 0
github.com/Gimel-Foundation/gauth/pkg/auth/basic.go:133.33,140.3 1 0
github.com/Gimel-Foundation/gauth/pkg/auth/basic.go:142.2,147.8 1 0
github.com/Gimel-Foundation/gauth/pkg/auth/basic.go:150.86,153.2 1 0
github.com/Gimel-Foundation/gauth/pkg/auth/basic.go:156.50,158.16 2 0
github.com/Gimel-Foundation/gauth/pkg/auth/basic.go:158.16,160.3 1 0
github.com/Gimel-Foundation/gauth/pkg/auth/basic.go:161.2,161.32 1 0
github.com/Gimel-Foundation/gauth/pkg/auth/basic.go:165.67,167.2 1 1
github.com/Gimel-Foundation/gauth/pkg/auth/compliance.go:71.105,76.2 1 0
github.com/Gimel-Foundation/gauth/pkg/auth/compliance.go:79.123,81.23 1 0
github.com/Gimel-Foundation/gauth/pkg/auth/compliance.go:81.23,83.3 1 0
github.com/Gimel-Foundation/gauth/pkg/auth/compliance.go:86.2,86.53 1 0
github.com/Gimel-Foundation/gauth/pkg/auth/compliance.go:86.53,87.84 1 0
github.com/Gimel-Foundation/gauth/pkg/auth/compliance.go:87.84,89.4 1 0
github.com/Gimel-Foundation/gauth/pkg/auth/compliance.go:93.2,93.72 1 0
github.com/Gimel-Foundation/gauth/pkg/auth/compliance.go:93.72,95.3 1 0
github.com/Gimel-Foundation/gauth/pkg/auth/compliance.go:98.2,98.65 1 0
github.com/Gimel-Foundation/gauth/pkg/auth/compliance.go:98.65,100.3 1 0
github.com/Gimel-Foundation/gauth/pkg/auth/compliance.go:103.2,103.68 1 0
github.com/Gimel-Foundation/gauth/pkg/auth/compliance.go:103.68,105.3 1 0
github.com/Gimel-Foundation/gauth/pkg/auth/compliance.go:107.2,107.12 1 0
github.com/Gimel-Foundation/gauth/pkg/auth/compliance.go:111.134,113.37 1 0
github.com/Gimel-Foundation/gauth/pkg/auth/compliance.go:113.37,114.83 1 0
github.com/Gimel-Foundation/gauth/pkg/auth/compliance.go:114.83,116.4 1 0
github.com/Gimel-Foundation/gauth/pkg/auth/compliance.go:120.2,120.49 1 0
github.com/Gimel-Foundation/gauth/pkg/auth/compliance.go:120.49,121.103 1 0
github.com/Gimel-Foundation/gauth/pkg/auth/compliance.go:121.103,123.4 1 0
github.com/Gimel-Foundation/gauth/pkg/auth/compliance.go:127.2,127.41 1 0
github.com/Gimel-Foundation/gauth/pkg/auth/compliance.go:127.41,128.83 1 0
github.com/Gimel-Foundation/gauth/pkg/auth/compliance.go:128.83,130.4 1 0
github.com/Gimel-Foundation/gauth/pkg/auth/compliance.go:134.2,134.40 1 0
github.com/Gimel-Foundation/gauth/pkg/auth/compliance.go:134.40,137.47 2 0
github.com/Gimel-Foundation/gauth/pkg/auth/compliance.go:137.47,139.4 1 0
github.com/Gimel-Foundation/gauth/pkg/auth/compliance.go:140.3,140.69 1 0
github.com/Gimel-Foundation/gauth/pkg/auth/compliance.go:140.69,142.4 1 0
github.com/Gimel-Foundation/gauth/pkg/auth/compliance.go:145.2,145.12 1 0
github.com/Gimel-Foundation/gauth/pkg/auth/compliance.go:149.139,158.2 2 0
github.com/Gimel-Foundation/gauth/pkg/auth/compliance.go:162.133,163.64 1 0
github.com/Gimel-Foundation/gauth/pkg/auth/compliance.go:163.64,165.3 1 0
github.com/Gimel-Foundation/gauth/pkg/auth/compliance.go:169.2,169.12 1 0
github.com/Gimel-Foundation/gauth/pkg/auth/compliance.go:172.126,173.46 1 0
github.com/Gimel-Foundation/gauth/pkg/auth/compliance.go:173.46,174.74 1 0
github.com/Gimel-Foundation/gauth/pkg/auth/compliance.go:174.74,176.4 1 0
github.com/Gimel-Foundation/gauth/pkg/auth/compliance.go:176.9,176.21 1 0
github.com/Gimel-Foundation/gauth/pkg/auth/compliance.go:176.21,177.66 1 0
github.com/Gimel-Foundation/gauth/pkg/auth/compliance.go:177.66,179.5 1 0
github.com/Gimel-Foundation/gauth/pkg/auth/compliance.go:182.2,182.12 1 0
github.com/Gimel-Foundation/gauth/pkg/auth/compliance.go:185.123,189.2 1 0
github.com/Gimel-Foundation/gauth/pkg/auth/compliance.go:191.128,195.2 1 0
github.com/Gimel-Foundation/gauth/pkg/auth/compliance.go:197.121,198.46 1 0
github.com/Gimel-Foundation/gauth/pkg/auth/compliance.go:198.46,200.3 1 0
github.com/Gimel-Foundation/gauth/pkg/auth/compliance.go:202.2,204.16 3 0
github.com/Gimel-Foundation/gauth/pkg/auth/compliance.go:204.16,206.3 1 0
github.com/Gimel-Foundation/gauth/pkg/auth/compliance.go:208.2,211.56 3 0
github.com/Gimel-Foundation/gauth/pkg/auth/compliance.go:211.56,214.41 2 0
github.com/Gimel-Foundation/gauth/pkg/auth/compliance.go:214.41,215.27 1 0
github.com/Gimel-Foundation/gauth/pkg/auth/compliance.go:215.27,217.10 2 0
github.com/Gimel-Foundation/gauth/pkg/auth/compliance.go:220.3,220.18 1 0
github.com/Gimel-Foundation/gauth/pkg/auth/compliance.go:220.18,221.12 1 0
github.com/Gimel-Foundation/gauth/pkg/auth/compliance.go:225.3,225.39 1 0
github.com/Gimel-Foundation/gauth/pkg/auth/compliance.go:225.39,227.4 1 0
github.com/Gimel-Foundation/gauth/pkg/auth/compliance.go:230.2,230.82 1 0
github.com/Gimel-Foundation/gauth/pkg/auth/compliance.go:233.128,237.2 1 0
github.com/Gimel-Foundation/gauth/pkg/auth/compliance.go:239.146,242.2 1 0
github.com/Gimel-Foundation/gauth/pkg/auth/compliance.go:244.138,247.2 1 0
github.com/Gimel-Foundation/gauth/pkg/auth/compliance.go:250.64,253.16 2 0
github.com/Gimel-Foundation/gauth/pkg/auth/compliance.go:253.16,255.3 1 0
github.com/Gimel-Foundation/gauth/pkg/auth/compliance.go:256.2,257.16 2 0
github.com/Gimel-Foundation/gauth/pkg/auth/compliance.go:257.16,259.3 1 0
github.com/Gimel-Foundation/gauth/pkg/auth/compliance.go:262.2,267.23 4 0
github.com/Gimel-Foundation/gauth/pkg/auth/compliance.go:267.23,269.3 1 0
github.com/Gimel-Foundation/gauth/pkg/auth/compliance.go:271.2,271.56 1 0
github.com/Gimel-Foundation/gauth/pkg/auth/distributed.go:33.88,34.31 1 0
github.com/Gimel-Foundation/gauth/pkg/auth/distributed.go:34.31,36.3 1 0
github.com/Gimel-Foundation/gauth/pkg/auth/distributed.go:38.2,38.37 1 0
github.com/Gimel-Foundation/gauth/pkg/auth/distributed.go:38.37,40.3 1 0
github.com/Gimel-Foundation/gauth/pkg/auth/distributed.go:42.2,42.28 1 0
github.com/Gimel-Foundation/gauth/pkg/auth/distributed.go:42.28,44.3 1 0
github.com/Gimel-Foundation/gauth/pkg/auth/distributed.go:46.2,46.26 1 0
github.com/Gimel-Foundation/gauth/pkg/auth/distributed.go:46.26,48.3 1 0
github.com/Gimel-Foundation/gauth/pkg/auth/distributed.go:50.2,52.8 1 0
github.com/Gimel-Foundation/gauth/pkg/auth/distributed.go:55.70,57.2 1 0
github.com/Gimel-Foundation/gauth/pkg/auth/distributed.go:59.46,61.2 1 0
github.com/Gimel-Foundation/gauth/pkg/auth/distributed.go:63.98,65.2 1 0
github.com/Gimel-Foundation/gauth/pkg/auth/distributed.go:67.109,69.16 2 0
github.com/Gimel-Foundation/gauth/pkg/auth/distributed.go:69.16,71.3 1 0
github.com/Gimel-Foundation/gauth/pkg/auth/distributed.go:74.2,81.75 2 0
github.com/Gimel-Foundation/gauth/pkg/auth/distributed.go:81.75,83.3 1 0
github.com/Gimel-Foundation/gauth/pkg/auth/distributed.go:85.2,85.19 1 0
github.com/Gimel-Foundation/gauth/pkg/auth/distributed.go:88.104,90.46 1 0
github.com/Gimel-Foundation/gauth/pkg/auth/distributed.go:90.46,92.39 2 0
github.com/Gimel-Foundation/gauth/pkg/auth/distributed.go:92.39,94.4 1 0
github.com/Gimel-Foundation/gauth/pkg/auth/distributed.go:94.9,96.4 1 0
github.com/Gimel-Foundation/gauth/pkg/auth/distributed.go:100.2,101.16 2 0
github.com/Gimel-Foundation/gauth/pkg/auth/distributed.go:101.16,105.3 2 0
github.com/Gimel-Foundation/gauth/pkg/auth/distributed.go:108.2,109.16 2 0
github.com/Gimel-Foundation/gauth/pkg/auth/distributed.go:109.16,111.3 1 0
github.com/Gimel-Foundation/gauth/pkg/auth/distributed.go:114.2,114.67 1 0
github.com/Gimel-Foundation/gauth/pkg/auth/distributed.go:114.67,116.3 1 0
github.com/Gimel-Foundation/gauth/pkg/auth/distributed.go:119.2,120.18 2 0
github.com/Gimel-Foundation/gauth/pkg/auth/distributed.go:123.88,129.65 3 0
github.com/Gimel-Foundation/gauth/pkg/auth/distributed.go:129.65,131.3 1 0
github.com/Gimel-Foundation/gauth/pkg/auth/distributed.go:133.2,133.62 1 0
github.com/Gimel-Foundation/gauth/pkg/auth/distributed.go:136.113,138.16 2 0
github.com/Gimel-Foundation/gauth/pkg/auth/distributed.go:138.16,140.3 1 0
github.com/Gimel-Foundation/gauth/pkg/auth/distributed.go:142.2,144.29 3 0
github.com/Gimel-Foundation/gauth/pkg/auth/distributed.go:144.29,146.3 1 0
github.com/Gimel-Foundation/gauth/pkg/auth/distributed.go:148.2,148.80 1 0
github.com/Gimel-Foundation/gauth/pkg/auth/distributed.go:148.80,150.3 1 0
github.com/Gimel-Foundation/gauth/pkg/auth/distributed.go:152.2,152.12 1 0
github.com/Gimel-Foundation/gauth/pkg/auth/distributed.go:155.108,158.16 3 0
github.com/Gimel-Foundation/gauth/pkg/auth/distributed.go:158.16,159.23 1 0
github.com/Gimel-Foundation/gauth/pkg/auth/distributed.go:159.23,161.4 1 0
github.com/Gimel-Foundation/gauth/pkg/auth/distributed.go:162.3,162.73 1 0
github.com/Gimel-Foundation/gauth/pkg/auth/distributed.go:165.2,166.56 2 0
github.com/Gimel-Foundation/gauth/pkg/auth/distributed.go:166.56,168.3 1 0
github.com/Gimel-Foundation/gauth/pkg/auth/distributed.go:170.2,170.38 1 0
github.com/Gimel-Foundation/gauth/pkg/auth/distributed.go:170.38,173.3 2 0
github.com/Gimel-Foundation/gauth/pkg/auth/distributed.go:175.2,175.19 1 0
github.com/Gimel-Foundation/gauth/pkg/auth/encrypted_store.go:37.87,38.37 1 0
github.com/Gimel-Foundation/gauth/pkg/auth/encrypted_store.go:38.37,40.3 1 0
github.com/Gimel-Foundation/gauth/pkg/auth/encrypted_store.go:42.2,42.32 1 0
github.com/Gimel-Foundation/gauth/pkg/auth/encrypted_store.go:42.32,44.3 1 0
github.com/Gimel-Foundation/gauth/pkg/auth/encrypted_store.go:46.2,47.16 2 0
github.com/Gimel-Foundation/gauth/pkg/auth/encrypted_store.go:47.16,49.3 1 0
github.com/Gimel-Foundation/gauth/pkg/auth/encrypted_store.go:51.2,52.16 2 0
github.com/Gimel-Foundation/gauth/pkg/auth/encrypted_store.go:52.16,54.3 1 0
github.com/Gimel-Foundation/gauth/pkg/auth/encrypted_store.go:56.2,59.8 1 0
github.com/Gimel-Foundation/gauth/pkg/auth/encrypted_store.go:63.69,65.2 1 0
github.com/Gimel-Foundation/gauth/pkg/auth/encrypted_store.go:67.45,69.2 1 0
github.com/Gimel-Foundation/gauth/pkg/auth/encrypted_store.go:71.68,73.59 2 0
github.com/Gimel-Foundation/gauth/pkg/auth/encrypted_store.go:73.59,75.3 1 0
github.com/Gimel-Foundation/gauth/pkg/auth/encrypted_store.go:77.2,78.62 2 0
github.com/Gimel-Foundation/gauth/pkg/auth/encrypted_store.go:81.76,83.16 2 0
github.com/Gimel-Foundation/gauth/pkg/auth/encrypted_store.go:83.16,85.3 1 0
github.com/Gimel-Foundation/gauth/pkg/auth/encrypted_store.go:87.2,87.40 1 0
github.com/Gimel-Foundation/gauth/pkg/auth/encrypted_store.go:87.40,89.3 1 0
github.com/Gimel-Foundation/gauth/pkg/auth/encrypted_store.go:91.2,95.16 4 0
github.com/Gimel-Foundation/gauth/pkg/auth/encrypted_store.go:95.16,97.3 1 0
github.com/Gimel-Foundation/gauth/pkg/auth/encrypted_store.go:99.2,99.23 1 0
github.com/Gimel-Foundation/gauth/pkg/auth/encrypted_store.go:103.83,106.2 1 0
github.com/Gimel-Foundation/gauth/pkg/auth/encrypted_store.go:109.90,111.2 1 0
github.com/Gimel-Foundation/gauth/pkg/auth/encrypted_store.go:113.82,116.2 1 0
github.com/Gimel-Foundation/gauth/pkg/auth/encrypted_store.go:118.66,120.50 1 0
github.com/Gimel-Foundation/gauth/pkg/auth/encrypted_store.go:120.50,125.39 2 0
github.com/Gimel-Foundation/gauth/pkg/auth/encrypted_store.go:125.39,127.4 1 0
github.com/Gimel-Foundation/gauth/pkg/auth/encrypted_store.go:128.3,128.14 1 0
github.com/Gimel-Foundation/gauth/pkg/auth/encrypted_store.go:131.2,131.43 1 0
github.com/Gimel-Foundation/gauth/pkg/auth/encrypted_store.go:135.94,137.2 1 0
github.com/Gimel-Foundation/gauth/pkg/auth/encrypted_store.go:140.77,142.2 1 0
github.com/Gimel-Foundation/gauth/pkg/auth/encrypted_store.go:145.102,147.2 1 0
github.com/Gimel-Foundation/gauth/pkg/auth/encrypted_store.go:150.109,152.2 1 0
github.com/Gimel-Foundation/gauth/pkg/auth/encrypted_store.go:155.85,157.2 1 0
github.com/Gimel-Foundation/gauth/pkg/auth/encrypted_store.go:160.88,162.2 1 0
github.com/Gimel-Foundation/gauth/pkg/auth/encrypted_store.go:165.95,167.2 1 0
github.com/Gimel-Foundation/gauth/pkg/auth/encrypted_store.go:170.106,172.2 1 0
github.com/Gimel-Foundation/gauth/pkg/auth/encrypted_store.go:175.87,177.2 1 0
github.com/Gimel-Foundation/gauth/pkg/auth/encrypted_store.go:180.108,182.2 1 0
github.com/Gimel-Foundation/gauth/pkg/auth/encrypted_store.go:185.108,187.2 1 0
github.com/Gimel-Foundation/gauth/pkg/auth/encrypted_store.go:189.136,198.2 1 0
github.com/Gimel-Foundation/gauth/pkg/auth/encrypted_store.go:200.140,213.2 1 0
github.com/Gimel-Foundation/gauth/pkg/auth/encrypted_store.go:216.98,216.112 1 0
github.com/Gimel-Foundation/gauth/pkg/auth/encrypted_store.go:218.88,218.102 1 0
github.com/Gimel-Foundation/gauth/pkg/auth/encrypted_store.go:220.88,220.102 1 0
github.com/Gimel-Foundation/gauth/pkg/auth/enhanced_authorization.go:64.34,70.2 1 0
github.com/Gimel-Foundation/gauth/pkg/auth/enhanced_authorization.go:73.115,75.16 2 0
github.com/Gimel-Foundation/gauth/pkg/auth/enhanced_authorization.go:75.16,77.3 1 0
github.com/Gimel-Foundation/gauth/pkg/auth/enhanced_authorization.go:80.2,80.41 1 0
github.com/Gimel-Foundation/gauth/pkg/auth/enhanced_authorization.go:80.41,82.3 1 0
github.com/Gimel-Foundation/gauth/pkg/auth/enhanced_authorization.go:85.2,85.83 1 0
github.com/Gimel-Foundation/gauth/pkg/auth/enhanced_authorization.go:85.83,87.3 1 0
github.com/Gimel-Foundation/gauth/pkg/auth/enhanced_authorization.go:90.2,91.75 2 0
github.com/Gimel-Foundation/gauth/pkg/auth/enhanced_authorization.go:91.75,93.3 1 0
github.com/Gimel-Foundation/gauth/pkg/auth/enhanced_authorization.go:95.2,95.12 1 0
github.com/Gimel-Foundation/gauth/pkg/auth/enhanced_authorization.go:99.138,101.16 2 0
github.com/Gimel-Foundation/gauth/pkg/auth/enhanced_authorization.go:101.16,103.3 1 0
github.com/Gimel-Foundation/gauth/pkg/auth/enhanced_authorization.go:106.2,107.35 2 0
github.com/Gimel-Foundation/gauth/pkg/auth/enhanced_authorization.go:107.35,109.17 2 0
github.com/Gimel-Foundation/gauth/pkg/auth/enhanced_authorization.go:109.17,111.4 1 0
github.com/Gimel-Foundation/gauth/pkg/auth/enhanced_authorization.go:114.3,114.39 1 0
github.com/Gimel-Foundation/gauth/pkg/auth/enhanced_authorization.go:114.39,116.4 1 0
github.com/Gimel-Foundation/gauth/pkg/auth/enhanced_authorization.go:119.3,119.65 1 0
github.com/Gimel-Foundation/gauth/pkg/auth/enhanced_authorization.go:119.65,121.4 1 0
github.com/Gimel-Foundation/gauth/pkg/auth/enhanced_authorization.go:124.3,124.77 1 0
github.com/Gimel-Foundation/gauth/pkg/auth/enhanced_authorization.go:124.77,126.4 1 0
github.com/Gimel-Foundation/gauth/pkg/auth/enhanced_authorization.go:129.2,129.12 1 0
github.com/Gimel-Foundation/gauth/pkg/auth/enhanced_authorization.go:133.148,135.83 1 0
github.com/Gimel-Foundation/gauth/pkg/auth/enhanced_authorization.go:135.83,137.3 1 0
github.com/Gimel-Foundation/gauth/pkg/auth/enhanced_authorization.go:140.2,140.95 1 0
github.com/Gimel-Foundation/gauth/pkg/auth/enhanced_authorization.go:140.95,142.3 1 0
github.com/Gimel-Foundation/gauth/pkg/auth/enhanced_authorization.go:145.2,145.75 1 0
github.com/Gimel-Foundation/gauth/pkg/auth/enhanced_authorization.go:145.75,147.3 1 0
github.com/Gimel-Foundation/gauth/pkg/auth/enhanced_authorization.go:149.2,149.12 1 0
github.com/Gimel-Foundation/gauth/pkg/auth/enhanced_authorization.go:154.121,155.21 1 0
github.com/Gimel-Foundation/gauth/pkg/auth/enhanced_authorization.go:155.21,157.3 1 0
github.com/Gimel-Foundation/gauth/pkg/auth/enhanced_authorization.go:160.2,160.34 1 0
github.com/Gimel-Foundation/gauth/pkg/auth/enhanced_authorization.go:160.34,161.41 1 0
github.com/Gimel-Foundation/gauth/pkg/auth/enhanced_authorization.go:161.41,163.4 1 0
github.com/Gimel-Foundation/gauth/pkg/auth/enhanced_authorization.go:164.3,164.41 1 0
github.com/Gimel-Foundation/gauth/pkg/auth/enhanced_authorization.go:164.41,166.4 1 0
github.com/Gimel-Foundation/gauth/pkg/auth/enhanced_authorization.go:169.2,169.12 1 0
github.com/Gimel-Foundation/gauth/pkg/auth/enhanced_authorization.go:172.149,175.2 1 0
github.com/Gimel-Foundation/gauth/pkg/auth/enhanced_authorization.go:177.139,180.2 1 0
github.com/Gimel-Foundation/gauth/pkg/auth/enhanced_authorization.go:182.142,185.2 1 0
github.com/Gimel-Foundation/gauth/pkg/auth/enhanced_authorization.go:187.147,190.2 1 0
github.com/Gimel-Foundation/gauth/pkg/auth/enhanced_authorization.go:192.141,195.2 1 0
github.com/Gimel-Foundation/gauth/pkg/auth/enhanced_service.go:107.140,113.2 1 0
github.com/Gimel-Foundation/gauth/pkg/auth/enhanced_service.go:116.111,118.58 1 0
github.com/Gimel-Foundation/gauth/pkg/auth/enhanced_service.go:118.58,120.3 1 0
github.com/Gimel-Foundation/gauth/pkg/auth/enhanced_service.go:123.2,123.63 1 0
github.com/Gimel-Foundation/gauth/pkg/auth/enhanced_service.go:123.63,125.3 1 0
github.com/Gimel-Foundation/gauth/pkg/auth/enhanced_service.go:128.2,128.43 1 0
github.com/Gimel-Foundation/gauth/pkg/auth/enhanced_service.go:132.123,134.53 1 0
github.com/Gimel-Foundation/gauth/pkg/auth/enhanced_service.go:134.53,136.3 1 0
github.com/Gimel-Foundation/gauth/pkg/auth/enhanced_service.go:139.2,139.77 1 0
github.com/Gimel-Foundation/gauth/pkg/auth/enhanced_service.go:139.77,141.3 1 0
github.com/Gimel-Foundation/gauth/pkg/auth/enhanced_service.go:144.2,144.33 1 0
github.com/Gimel-Foundation/gauth/pkg/auth/enhanced_service.go:148.133,150.79 1 0
github.com/Gimel-Foundation/gauth/pkg/auth/enhanced_service.go:150.79,152.3 1 0
github.com/Gimel-Foundation/gauth/pkg/auth/enhanced_service.go:155.2,171.52 2 0
github.com/Gimel-Foundation/gauth/pkg/auth/enhanced_service.go:171.52,174.3 2 0
github.com/Gimel-Foundation/gauth/pkg/auth/enhanced_service.go:177.2,177.69 1 0
github.com/Gimel-Foundation/gauth/pkg/auth/enhanced_service.go:177.69,179.3 1 0
github.com/Gimel-Foundation/gauth/pkg/auth/enhanced_service.go:181.2,181.19 1 0
github.com/Gimel-Foundation/gauth/pkg/auth/enhanced_service.go:185.123,187.71 1 0
github.com/Gimel-Foundation/gauth/pkg/auth/enhanced_service.go:187.71,189.3 1 0
github.com/Gimel-Foundation/gauth/pkg/auth/enhanced_service.go:192.2,192.49 1 0
github.com/Gimel-Foundation/gauth/pkg/auth/enhanced_service.go:192.49,193.75 1 0
github.com/Gimel-Foundation/gauth/pkg/auth/enhanced_service.go:193.75,195.4 1 0
github.com/Gimel-Foundation/gauth/pkg/auth/enhanced_service.go:199.2,199.33 1 0
github.com/Gimel-Foundation/gauth/pkg/auth/enhanced_service.go:199.33,200.66 1 0
github.com/Gimel-Foundation/gauth/pkg/auth/enhanced_service.go:200.66,202.4 1 0
github.com/Gimel-Foundation/gauth/pkg/auth/enhanced_service.go:205.2,205.12 1 0
github.com/Gimel-Foundation/gauth/pkg/auth/enhanced_service.go:209.97,212.2 1 0
github.com/Gimel-Foundation/gauth/pkg/auth/enhanced_service.go:214.102,217.2 1 0
github.com/Gimel-Foundation/gauth/pkg/auth/enhanced_service.go:219.128,222.2 1 0
github.com/Gimel-Foundation/gauth/pkg/auth/enhanced_service.go:224.103,227.2 1 0
github.com/Gimel-Foundation/gauth/pkg/auth/enhanced_service.go:229.93,232.2 1 0
github.com/Gimel-Foundation/gauth/pkg/auth/enhanced_service.go:234.113,237.2 1 0
github.com/Gimel-Foundation/gauth/pkg/auth/enhanced_service.go:239.93,242.2 1 0
github.com/Gimel-Foundation/gauth/pkg/auth/enhanced_service.go:244.120,247.2 1 0
github.com/Gimel-Foundation/gauth/pkg/auth/enhanced_service.go:249.26,252.2 1 0
github.com/Gimel-Foundation/gauth/pkg/auth/errors.go:42.36,43.20 1 0
github.com/Gimel-Foundation/gauth/pkg/auth/errors.go:43.20,45.3 1 0
github.com/Gimel-Foundation/gauth/pkg/auth/errors.go:46.2,46.49 1 0
github.com/Gimel-Foundation/gauth/pkg/auth/errors.go:49.75,55.2 1 0
github.com/Gimel-Foundation/gauth/pkg/auth/errors.go:58.50,59.41 1 0
github.com/Gimel-Foundation/gauth/pkg/auth/errors.go:59.41,61.3 1 0
github.com/Gimel-Foundation/gauth/pkg/auth/errors.go:62.2,62.14 1 0
github.com/Gimel-Foundation/gauth/pkg/auth/extended_controls.go:81.118,86.2 1 0
github.com/Gimel-Foundation/gauth/pkg/auth/extended_controls.go:89.97,91.45 1 0
github.com/Gimel-Foundation/gauth/pkg/auth/extended_controls.go:91.45,93.3 1 0
github.com/Gimel-Foundation/gauth/pkg/auth/extended_controls.go:96.2,96.27 1 0
github.com/Gimel-Foundation/gauth/pkg/auth/extended_controls.go:96.27,98.3 1 0
github.com/Gimel-Foundation/gauth/pkg/auth/extended_controls.go:101.2,101.38 1 0
github.com/Gimel-Foundation/gauth/pkg/auth/extended_controls.go:101.38,102.48 1 0
github.com/Gimel-Foundation/gauth/pkg/auth/extended_controls.go:102.48,104.4 1 0
github.com/Gimel-Foundation/gauth/pkg/auth/extended_controls.go:108.2,108.63 1 0
github.com/Gimel-Foundation/gauth/pkg/auth/extended_controls.go:108.63,110.3 1 0
github.com/Gimel-Foundation/gauth/pkg/auth/extended_controls.go:112.2,112.12 1 0
github.com/Gimel-Foundation/gauth/pkg/auth/extended_controls.go:116.111,118.58 1 0
github.com/Gimel-Foundation/gauth/pkg/auth/extended_controls.go:118.58,120.3 1 0
github.com/Gimel-Foundation/gauth/pkg/auth/extended_controls.go:123.2,123.41 1 0
github.com/Gimel-Foundation/gauth/pkg/auth/extended_controls.go:123.41,125.3 1 0
github.com/Gimel-Foundation/gauth/pkg/auth/extended_controls.go:127.2,127.12 1 0
github.com/Gimel-Foundation/gauth/pkg/auth/extended_controls.go:137.120,140.15 2 0
github.com/Gimel-Foundation/gauth/pkg/auth/extended_controls.go:141.9,142.44 1 0
github.com/Gimel-Foundation/gauth/pkg/auth/extended_controls.go:143.9,144.44 1 0
github.com/Gimel-Foundation/gauth/pkg/auth/extended_controls.go:145.10,146.56 1 0
github.com/Gimel-Foundation/gauth/pkg/auth/extended_controls.go:157.115,168.2 2 0
github.com/Gimel-Foundation/gauth/pkg/auth/extended_controls.go:172.101,175.2 1 0
github.com/Gimel-Foundation/gauth/pkg/auth/extended_controls.go:177.109,180.2 1 0
github.com/Gimel-Foundation/gauth/pkg/auth/extended_controls.go:182.94,185.2 1 0
github.com/Gimel-Foundation/gauth/pkg/auth/extended_controls.go:187.93,190.2 1 0
github.com/Gimel-Foundation/gauth/pkg/auth/jwt.go:39.64,47.2 2 5
github.com/Gimel-Foundation/gauth/pkg/auth/jwt.go:49.66,52.2 1 0
github.com/Gimel-Foundation/gauth/pkg/auth/jwt.go:54.42,57.2 1 0
github.com/Gimel-Foundation/gauth/pkg/auth/jwt.go:59.94,62.2 1 0
github.com/Gimel-Foundation/gauth/pkg/auth/jwt.go:64.105,67.23 3 3
github.com/Gimel-Foundation/gauth/pkg/auth/jwt.go:67.23,69.3 1 0
github.com/Gimel-Foundation/gauth/pkg/auth/jwt.go:71.2,87.16 4 3
github.com/Gimel-Foundation/gauth/pkg/auth/jwt.go:87.16,89.3 1 0
github.com/Gimel-Foundation/gauth/pkg/auth/jwt.go:91.2,91.33 1 3
github.com/Gimel-Foundation/gauth/pkg/auth/jwt.go:91.33,103.3 2 0
github.com/Gimel-Foundation/gauth/pkg/auth/jwt.go:105.2,111.8 1 3
github.com/Gimel-Foundation/gauth/pkg/auth/jwt.go:114.100,115.104 1 5
github.com/Gimel-Foundation/gauth/pkg/auth/jwt.go:115.104,116.58 1 5
github.com/Gimel-Foundation/gauth/pkg/auth/jwt.go:116.58,118.4 1 0
github.com/Gimel-Foundation/gauth/pkg/auth/jwt.go:119.3,119.26 1 5
github.com/Gimel-Foundation/gauth/pkg/auth/jwt.go:121.2,121.16 1 5
github.com/Gimel-Foundation/gauth/pkg/auth/jwt.go:121.16,122.42 1 1
github.com/Gimel-Foundation/gauth/pkg/auth/jwt.go:122.42,124.4 1 1
github.com/Gimel-Foundation/gauth/pkg/auth/jwt.go:125.3,125.30 1 0
github.com/Gimel-Foundation/gauth/pkg/auth/jwt.go:128.2,128.18 1 4
github.com/Gimel-Foundation/gauth/pkg/auth/jwt.go:128.18,130.3 1 0
github.com/Gimel-Foundation/gauth/pkg/auth/jwt.go:132.2,133.9 2 4
github.com/Gimel-Foundation/gauth/pkg/auth/jwt.go:133.9,135.3 1 0
github.com/Gimel-Foundation/gauth/pkg/auth/jwt.go:138.2,138.64 1 4
github.com/Gimel-Foundation/gauth/pkg/auth/jwt.go:138.64,140.3 1 0
github.com/Gimel-Foundation/gauth/pkg/auth/jwt.go:142.2,142.54 1 4
github.com/Gimel-Foundation/gauth/pkg/auth/jwt.go:142.54,144.66 2 4
github.com/Gimel-Foundation/gauth/pkg/auth/jwt.go:144.66,145.31 1 4
github.com/Gimel-Foundation/gauth/pkg/auth/jwt.go:145.31,147.10 2 3
github.com/Gimel-Foundation/gauth/pkg/auth/jwt.go:150.3,150.13 1 4
github.com/Gimel-Foundation/gauth/pkg/auth/jwt.go:150.13,152.4 1 1
github.com/Gimel-Foundation/gauth/pkg/auth/jwt.go:155.2,155.56 1 3
github.com/Gimel-Foundation/gauth/pkg/auth/jwt.go:155.56,157.65 2 3
github.com/Gimel-Foundation/gauth/pkg/auth/jwt.go:157.65,158.38 1 3
github.com/Gimel-Foundation/gauth/pkg/auth/jwt.go:158.38,160.10 2 2
github.com/Gimel-Foundation/gauth/pkg/auth/jwt.go:163.3,163.13 1 3
github.com/Gimel-Foundation/gauth/pkg/auth/jwt.go:163.13,165.4 1 1
github.com/Gimel-Foundation/gauth/pkg/auth/jwt.go:168.2,168.54 1 2
github.com/Gimel-Foundation/gauth/pkg/auth/jwt.go:168.54,169.65 1 2
github.com/Gimel-Foundation/gauth/pkg/auth/jwt.go:169.65,170.38 1 2
github.com/Gimel-Foundation/gauth/pkg/auth/jwt.go:170.38,172.5 1 1
github.com/Gimel-Foundation/gauth/pkg/auth/jwt.go:176.2,176.68 1 1
github.com/Gimel-Foundation/gauth/pkg/auth/jwt.go:176.68,177.36 1 0
github.com/Gimel-Foundation/gauth/pkg/auth/jwt.go:177.36,179.4 1 0
github.com/Gimel-Foundation/gauth/pkg/auth/jwt.go:182.2,182.33 1 1
github.com/Gimel-Foundation/gauth/pkg/auth/jwt.go:182.33,195.3 2 0
github.com/Gimel-Foundation/gauth/pkg/auth/jwt.go:197.2,206.8 1 1
github.com/Gimel-Foundation/gauth/pkg/auth/jwt.go:209.84,214.2 1 0
github.com/Gimel-Foundation/gauth/pkg/auth/jwt.go:217.31,220.2 1 3
github.com/Gimel-Foundation/gauth/pkg/auth/jwt.go:222.49,223.26 1 5
github.com/Gimel-Foundation/gauth/pkg/auth/jwt.go:223.26,224.16 1 6
github.com/Gimel-Foundation/gauth/pkg/auth/jwt.go:224.16,226.4 1 3
github.com/Gimel-Foundation/gauth/pkg/auth/jwt.go:228.2,228.14 1 2
github.com/Gimel-Foundation/gauth/pkg/auth/legal_framework_impl.go:48.66,83.2 1 0
github.com/Gimel-Foundation/gauth/pkg/auth/legal_framework_impl.go:86.52,89.2 2 0
github.com/Gimel-Foundation/gauth/pkg/auth/legal_framework_impl.go:92.61,93.31 1 0
github.com/Gimel-Foundation/gauth/pkg/auth/legal_framework_impl.go:93.31,95.3 1 0
github.com/Gimel-Foundation/gauth/pkg/auth/legal_framework_impl.go:95.8,97.3 1 0
github.com/Gimel-Foundation/gauth/pkg/auth/legal_framework_impl.go:101.60,103.2 1 0
github.com/Gimel-Foundation/gauth/pkg/auth/legal_framework_impl.go:106.77,108.2 1 0
github.com/Gimel-Foundation/gauth/pkg/auth/legal_framework_impl.go:111.81,113.2 1 0
github.com/Gimel-Foundation/gauth/pkg/auth/legal_framework_impl.go:116.68,118.2 1 0
github.com/Gimel-Foundation/gauth/pkg/auth/legal_framework_impl.go:121.55,123.2 1 0
github.com/Gimel-Foundation/gauth/pkg/auth/legal_framework_impl.go:126.111,129.16 2 0
github.com/Gimel-Foundation/gauth/pkg/auth/legal_framework_impl.go:129.16,131.3 1 0
github.com/Gimel-Foundation/gauth/pkg/auth/legal_framework_impl.go:134.2,137.65 2 0
github.com/Gimel-Foundation/gauth/pkg/auth/legal_framework_impl.go:137.65,139.3 1 0
github.com/Gimel-Foundation/gauth/pkg/auth/legal_framework_impl.go:142.2,146.23 3 0
github.com/Gimel-Foundation/gauth/pkg/auth/legal_framework_impl.go:146.23,148.3 1 0
github.com/Gimel-Foundation/gauth/pkg/auth/legal_framework_impl.go:151.2,156.36 2 0
github.com/Gimel-Foundation/gauth/pkg/auth/legal_framework_impl.go:156.36,157.26 1 0
github.com/Gimel-Foundation/gauth/pkg/auth/legal_framework_impl.go:158.15,159.30 1 0
github.com/Gimel-Foundation/gauth/pkg/auth/legal_framework_impl.go:160.12,161.27 1 0
github.com/Gimel-Foundation/gauth/pkg/auth/legal_framework_impl.go:162.13,163.28 1 0
github.com/Gimel-Foundation/gauth/pkg/auth/legal_framework_impl.go:167.2,180.46 3 0
github.com/Gimel-Foundation/gauth/pkg/auth/legal_framework_impl.go:180.46,182.3 1 0
github.com/Gimel-Foundation/gauth/pkg/auth/legal_framework_impl.go:184.2,184.22 1 0
github.com/Gimel-Foundation/gauth/pkg/auth/legal_framework_impl.go:188.133,198.44 6 0
github.com/Gimel-Foundation/gauth/pkg/auth/legal_framework_impl.go:198.44,201.76 2 0
github.com/Gimel-Foundation/gauth/pkg/auth/legal_framework_impl.go:201.76,203.12 2 0
github.com/Gimel-Foundation/gauth/pkg/auth/legal_framework_impl.go:209.3,217.4 2 0
github.com/Gimel-Foundation/gauth/pkg/auth/legal_framework_impl.go:220.2,220.25 1 0
github.com/Gimel-Foundation/gauth/pkg/auth/legal_framework_impl.go:224.148,228.25 2 0
github.com/Gimel-Foundation/gauth/pkg/auth/legal_framework_impl.go:228.25,230.3 1 0
github.com/Gimel-Foundation/gauth/pkg/auth/legal_framework_impl.go:235.2,235.49 1 0
github.com/Gimel-Foundation/gauth/pkg/auth/legal_framework_impl.go:235.49,240.45 1 0
github.com/Gimel-Foundation/gauth/pkg/auth/legal_framework_impl.go:240.45,241.35 1 0
github.com/Gimel-Foundation/gauth/pkg/auth/legal_framework_impl.go:241.35,243.5 1 0
github.com/Gimel-Foundation/gauth/pkg/auth/legal_framework_impl.go:247.2,247.17 1 0
github.com/Gimel-Foundation/gauth/pkg/auth/legal_framework_impl.go:251.82,254.2 1 0
github.com/Gimel-Foundation/gauth/pkg/auth/legal_framework_impl.go:257.117,260.41 2 0
github.com/Gimel-Foundation/gauth/pkg/auth/legal_framework_impl.go:260.41,261.37 1 0
github.com/Gimel-Foundation/gauth/pkg/auth/legal_framework_impl.go:261.37,270.26 2 0
github.com/Gimel-Foundation/gauth/pkg/auth/legal_framework_impl.go:270.26,271.28 1 0
github.com/Gimel-Foundation/gauth/pkg/auth/legal_framework_impl.go:272.17,273.32 1 0
github.com/Gimel-Foundation/gauth/pkg/auth/legal_framework_impl.go:274.14,275.29 1 0
github.com/Gimel-Foundation/gauth/pkg/auth/legal_framework_impl.go:276.15,277.30 1 0
github.com/Gimel-Foundation/gauth/pkg/auth/legal_framework_impl.go:281.4,290.43 2 0
github.com/Gimel-Foundation/gauth/pkg/auth/legal_framework_impl.go:294.2,294.18 1 0
github.com/Gimel-Foundation/gauth/pkg/auth/legal_framework_impl.go:298.58,310.2 2 0
github.com/Gimel-Foundation/gauth/pkg/auth/legal_framework_impl.go:313.60,317.42 1 0
github.com/Gimel-Foundation/gauth/pkg/auth/legal_framework_impl.go:317.42,318.74 1 0
github.com/Gimel-Foundation/gauth/pkg/auth/legal_framework_impl.go:318.74,320.4 1 0
github.com/Gimel-Foundation/gauth/pkg/auth/legal_framework_impl.go:323.2,323.12 1 0
github.com/Gimel-Foundation/gauth/pkg/auth/legal_framework_impl.go:327.57,328.37 1 0
github.com/Gimel-Foundation/gauth/pkg/auth/legal_framework_impl.go:328.37,329.32 1 0
github.com/Gimel-Foundation/gauth/pkg/auth/legal_framework_impl.go:329.32,331.4 1 0
github.com/Gimel-Foundation/gauth/pkg/auth/legal_framework_impl.go:334.2,334.37 1 0
github.com/Gimel-Foundation/gauth/pkg/auth/legal_framework_impl.go:334.37,335.34 1 0
github.com/Gimel-Foundation/gauth/pkg/auth/legal_framework_impl.go:335.34,337.4 1 0
github.com/Gimel-Foundation/gauth/pkg/auth/legal_framework_impl.go:340.2,340.11 1 0
github.com/Gimel-Foundation/gauth/pkg/auth/legal_framework_impl.go:344.59,345.37 1 0
github.com/Gimel-Foundation/gauth/pkg/auth/legal_framework_impl.go:345.37,346.34 1 0
github.com/Gimel-Foundation/gauth/pkg/auth/legal_framework_impl.go:346.34,348.4 1 0
github.com/Gimel-Foundation/gauth/pkg/auth/legal_framework_impl.go:351.2,351.37 1 0
github.com/Gimel-Foundation/gauth/pkg/auth/legal_framework_impl.go:351.37,352.32 1 0
github.com/Gimel-Foundation/gauth/pkg/auth/legal_framework_impl.go:352.32,354.4 1 0
github.com/Gimel-Foundation/gauth/pkg/auth/legal_framework_impl.go:357.2,357.11 1 0
github.com/Gimel-Foundation/gauth/pkg/auth/legal_framework_impl.go:361.59,362.24 1 0
github.com/Gimel-Foundation/gauth/pkg/auth/legal_framework_impl.go:362.24,364.3 1 0
github.com/Gimel-Foundation/gauth/pkg/auth/legal_framework_impl.go:365.2,365.11 1 0
github.com/Gimel-Foundation/gauth/pkg/auth/legal_framework_types.go:113.54,115.2 1 0
github.com/Gimel-Foundation/gauth/pkg/auth/legal_framework_types.go:148.85,154.2 1 0
github.com/Gimel-Foundation/gauth/pkg/auth/legal_framework_types.go:158.64,159.51 1 0
github.com/Gimel-Foundation/gauth/pkg/auth/legal_framework_types.go:159.51,161.3 1 0
github.com/Gimel-Foundation/gauth/pkg/auth/legal_framework_types.go:162.2,162.54 1 0
github.com/Gimel-Foundation/gauth/pkg/auth/legal_framework_types.go:167.58,168.48 1 0
github.com/Gimel-Foundation/gauth/pkg/auth/legal_framework_types.go:168.48,170.3 1 0
github.com/Gimel-Foundation/gauth/pkg/auth/legal_framework_types.go:171.2,171.53 1 0
github.com/Gimel-Foundation/gauth/pkg/auth/legal_framework_types.go:176.60,177.49 1 0
github.com/Gimel-Foundation/gauth/pkg/auth/legal_framework_types.go:177.49,179.3 1 0
github.com/Gimel-Foundation/gauth/pkg/auth/legal_framework_types.go:180.2,180.57 1 0
github.com/Gimel-Foundation/gauth/pkg/auth/legal_framework_types.go:191.93,197.2 1 0
github.com/Gimel-Foundation/gauth/pkg/auth/legal_framework_types.go:200.49,201.37 1 0
github.com/Gimel-Foundation/gauth/pkg/auth/legal_framework_types.go:201.37,203.3 1 0
github.com/Gimel-Foundation/gauth/pkg/auth/legal_framework_types.go:204.2,204.43 1 0
github.com/Gimel-Foundation/gauth/pkg/auth/legal_framework_types.go:204.43,206.3 1 0
github.com/Gimel-Foundation/gauth/pkg/auth/legal_framework_types.go:207.2,207.49 1 0
github.com/Gimel-Foundation/gauth/pkg/auth/legal_framework_types.go:211.55,212.40 1 0
github.com/Gimel-Foundation/gauth/pkg/auth/legal_framework_types.go:212.40,214.3 1 0
github.com/Gimel-Foundation/gauth/pkg/auth/legal_framework_types.go:215.2,215.48 1 0
github.com/Gimel-Foundation/gauth/pkg/auth/legal_framework_types.go:226.80,232.2 1 0
github.com/Gimel-Foundation/gauth/pkg/auth/legal_framework_types.go:264.59,265.40 1 0
github.com/Gimel-Foundation/gauth/pkg/auth/legal_framework_types.go:265.40,267.3 1 0
github.com/Gimel-Foundation/gauth/pkg/auth/legal_framework_types.go:268.2,268.48 1 0
github.com/Gimel-Foundation/gauth/pkg/auth/legal_framework_types.go:272.53,273.37 1 0
github.com/Gimel-Foundation/gauth/pkg/auth/legal_framework_types.go:273.37,275.3 1 0
github.com/Gimel-Foundation/gauth/pkg/auth/legal_framework_types.go:276.2,276.43 1 0
github.com/Gimel-Foundation/gauth/pkg/auth/legal_framework_types.go:276.43,278.3 1 0
github.com/Gimel-Foundation/gauth/pkg/auth/legal_framework_types.go:279.2,279.49 1 0
github.com/Gimel-Foundation/gauth/pkg/auth/legal_framework_types.go:283.55,284.39 1 0
github.com/Gimel-Foundation/gauth/pkg/auth/legal_framework_types.go:284.39,286.3 1 0
github.com/Gimel-Foundation/gauth/pkg/auth/legal_framework_types.go:287.2,287.52 1 0
github.com/Gimel-Foundation/gauth/pkg/auth/legal_framework_types.go:291.43,293.2 1 0
github.com/Gimel-Foundation/gauth/pkg/auth/legal_framework_types.go:338.69,339.51 1 0
github.com/Gimel-Foundation/gauth/pkg/auth/legal_framework_types.go:339.51,341.3 1 0
github.com/Gimel-Foundation/gauth/pkg/auth/legal_framework_types.go:342.2,342.54 1 0
github.com/Gimel-Foundation/gauth/pkg/auth/legal_framework_types.go:346.63,347.48 1 0
github.com/Gimel-Foundation/gauth/pkg/auth/legal_framework_types.go:347.48,349.3 1 0
github.com/Gimel-Foundation/gauth/pkg/auth/legal_framework_types.go:350.2,350.53 1 0
github.com/Gimel-Foundation/gauth/pkg/auth/legal_framework_types.go:354.65,355.49 1 0
github.com/Gimel-Foundation/gauth/pkg/auth/legal_framework_types.go:355.49,357.3 1 0
github.com/Gimel-Foundation/gauth/pkg/auth/legal_framework_types.go:358.2,358.57 1 0
github.com/Gimel-Foundation/gauth/pkg/auth/legal_framework_types.go:395.101,401.2 1 0
github.com/Gimel-Foundation/gauth/pkg/auth/legal_framework_types.go:474.47,477.49 2 0
github.com/Gimel-Foundation/gauth/pkg/auth/legal_framework_types.go:477.49,481.3 2 0
github.com/Gimel-Foundation/gauth/pkg/auth/legal_framework_types.go:504.40,506.2 1 0
github.com/Gimel-Foundation/gauth/pkg/auth/legal_framework_types.go:517.47,518.30 1 0
github.com/Gimel-Foundation/gauth/pkg/auth/legal_framework_types.go:518.30,519.30 1 0
github.com/Gimel-Foundation/gauth/pkg/auth/legal_framework_types.go:519.30,521.4 1 0
github.com/Gimel-Foundation/gauth/pkg/auth/legal_framework_types.go:523.2,523.14 1 0
github.com/Gimel-Foundation/gauth/pkg/auth/legal_framework_types.go:546.101,555.2 1 0
github.com/Gimel-Foundation/gauth/pkg/auth/legal_framework_types.go:558.67,559.50 1 0
github.com/Gimel-Foundation/gauth/pkg/auth/legal_framework_types.go:559.50,561.3 1 0
github.com/Gimel-Foundation/gauth/pkg/auth/legal_framework_types.go:562.2,562.54 1 0
github.com/Gimel-Foundation/gauth/pkg/auth/legal_framework_types.go:566.100,566.114 1 0
github.com/Gimel-Foundation/gauth/pkg/auth/legal_framework_types.go:567.97,567.111 1 0
github.com/Gimel-Foundation/gauth/pkg/auth/legal_framework_types.go:568.137,568.151 1 0
github.com/Gimel-Foundation/gauth/pkg/auth/legal_framework_types.go:569.126,569.140 1 0
github.com/Gimel-Foundation/gauth/pkg/auth/legal_framework_types.go:570.124,570.138 1 0
github.com/Gimel-Foundation/gauth/pkg/auth/legal_framework_types.go:571.104,571.140 1 0
github.com/Gimel-Foundation/gauth/pkg/auth/legal_framework_types.go:572.131,572.145 1 0
github.com/Gimel-Foundation/gauth/pkg/auth/legal_framework_types.go:573.88,573.102 1 0
github.com/Gimel-Foundation/gauth/pkg/auth/legal_framework_types.go:574.99,574.113 1 0
github.com/Gimel-Foundation/gauth/pkg/auth/oauth2.go:55.67,57.9 2 0
github.com/Gimel-Foundation/gauth/pkg/auth/oauth2.go:57.9,59.3 1 0
github.com/Gimel-Foundation/gauth/pkg/auth/oauth2.go:61.2,61.32 1 0
github.com/Gimel-Foundation/gauth/pkg/auth/oauth2.go:61.32,63.3 1 0
github.com/Gimel-Foundation/gauth/pkg/auth/oauth2.go:65.2,68.8 1 0
github.com/Gimel-Foundation/gauth/pkg/auth/oauth2.go:71.69,72.32 1 0
github.com/Gimel-Foundation/gauth/pkg/auth/oauth2.go:72.32,74.3 1 0
github.com/Gimel-Foundation/gauth/pkg/auth/oauth2.go:75.2,75.12 1 0
github.com/Gimel-Foundation/gauth/pkg/auth/oauth2.go:78.45,79.32 1 0
github.com/Gimel-Foundation/gauth/pkg/auth/oauth2.go:79.32,81.3 1 0
github.com/Gimel-Foundation/gauth/pkg/auth/oauth2.go:82.2,82.12 1 0
github.com/Gimel-Foundation/gauth/pkg/auth/oauth2.go:85.97,86.27 1 0
github.com/Gimel-Foundation/gauth/pkg/auth/oauth2.go:87.24,88.39 1 0
github.com/Gimel-Foundation/gauth/pkg/auth/oauth2.go:88.39,90.4 1 0
github.com/Gimel-Foundation/gauth/pkg/auth/oauth2.go:91.3,91.62 1 0
github.com/Gimel-Foundation/gauth/pkg/auth/oauth2.go:92.10,93.63 1 0
github.com/Gimel-Foundation/gauth/pkg/auth/oauth2.go:97.108,102.23 4 0
github.com/Gimel-Foundation/gauth/pkg/auth/oauth2.go:103.28,105.26 2 0
github.com/Gimel-Foundation/gauth/pkg/auth/oauth2.go:105.26,107.4 1 0
github.com/Gimel-Foundation/gauth/pkg/auth/oauth2.go:109.25,111.10 2 0
github.com/Gimel-Foundation/gauth/pkg/auth/oauth2.go:111.10,113.4 1 0
github.com/Gimel-Foundation/gauth/pkg/auth/oauth2.go:114.3,117.26 4 0
github.com/Gimel-Foundation/gauth/pkg/auth/oauth2.go:117.26,119.4 1 0
github.com/Gimel-Foundation/gauth/pkg/auth/oauth2.go:121.25,123.10 2 0
github.com/Gimel-Foundation/gauth/pkg/auth/oauth2.go:123.10,125.4 1 0
github.com/Gimel-Foundation/gauth/pkg/auth/oauth2.go:126.3,128.49 3 0
github.com/Gimel-Foundation/gauth/pkg/auth/oauth2.go:130.29,132.10 2 0
github.com/Gimel-Foundation/gauth/pkg/auth/oauth2.go:132.10,134.4 1 0
github.com/Gimel-Foundation/gauth/pkg/auth/oauth2.go:135.3,136.42 2 0
github.com/Gimel-Foundation/gauth/pkg/auth/oauth2.go:138.10,139.70 1 0
github.com/Gimel-Foundation/gauth/pkg/auth/oauth2.go:142.2,143.16 2 0
github.com/Gimel-Foundation/gauth/pkg/auth/oauth2.go:143.16,145.3 1 0
github.com/Gimel-Foundation/gauth/pkg/auth/oauth2.go:146.2,148.38 2 0
github.com/Gimel-Foundation/gauth/pkg/auth/oauth2.go:148.38,151.3 2 0
github.com/Gimel-Foundation/gauth/pkg/auth/oauth2.go:153.2,154.70 2 0
github.com/Gimel-Foundation/gauth/pkg/auth/oauth2.go:154.70,156.3 1 0
github.com/Gimel-Foundation/gauth/pkg/auth/oauth2.go:158.2,168.32 2 0
github.com/Gimel-Foundation/gauth/pkg/auth/oauth2.go:168.32,169.67 1 0
github.com/Gimel-Foundation/gauth/pkg/auth/oauth2.go:169.67,171.4 1 0
github.com/Gimel-Foundation/gauth/pkg/auth/oauth2.go:174.2,174.33 1 0
github.com/Gimel-Foundation/gauth/pkg/auth/oauth2.go:174.33,185.3 1 0
github.com/Gimel-Foundation/gauth/pkg/auth/oauth2.go:187.2,187.23 1 0
github.com/Gimel-Foundation/gauth/pkg/auth/oauth2.go:190.103,191.32 1 0
github.com/Gimel-Foundation/gauth/pkg/auth/oauth2.go:191.32,194.17 2 0
github.com/Gimel-Foundation/gauth/pkg/auth/oauth2.go:194.17,196.4 1 0
github.com/Gimel-Foundation/gauth/pkg/auth/oauth2.go:198.3,198.44 1 0
github.com/Gimel-Foundation/gauth/pkg/auth/oauth2.go:202.2,202.61 1 0
github.com/Gimel-Foundation/gauth/pkg/auth/oauth2.go:202.61,209.17 6 0
github.com/Gimel-Foundation/gauth/pkg/auth/oauth2.go:209.17,211.4 1 0
github.com/Gimel-Foundation/gauth/pkg/auth/oauth2.go:212.3,214.39 2 0
github.com/Gimel-Foundation/gauth/pkg/auth/oauth2.go:214.39,216.4 1 0
github.com/Gimel-Foundation/gauth/pkg/auth/oauth2.go:218.3,230.75 2 0
github.com/Gimel-Foundation/gauth/pkg/auth/oauth2.go:230.75,232.4 1 0
github.com/Gimel-Foundation/gauth/pkg/auth/oauth2.go:234.3,234.28 1 0
github.com/Gimel-Foundation/gauth/pkg/auth/oauth2.go:234.28,236.4 1 0
github.com/Gimel-Foundation/gauth/pkg/auth/oauth2.go:238.3,246.9 1 0
github.com/Gimel-Foundation/gauth/pkg/auth/oauth2.go:249.2,249.65 1 0
github.com/Gimel-Foundation/gauth/pkg/auth/oauth2.go:252.87,253.58 1 0
github.com/Gimel-Foundation/gauth/pkg/auth/oauth2.go:253.58,260.17 6 0
github.com/Gimel-Foundation/gauth/pkg/auth/oauth2.go:260.17,262.4 1 0
github.com/Gimel-Foundation/gauth/pkg/auth/oauth2.go:263.3,265.39 2 0
github.com/Gimel-Foundation/gauth/pkg/auth/oauth2.go:265.39,267.4 1 0
github.com/Gimel-Foundation/gauth/pkg/auth/oauth2.go:270.2,270.32 1 0
github.com/Gimel-Foundation/gauth/pkg/auth/oauth2.go:270.32,271.67 1 0
github.com/Gimel-Foundation/gauth/pkg/auth/oauth2.go:271.67,273.4 1 0
github.com/Gimel-Foundation/gauth/pkg/auth/oauth2.go:276.2,276.33 1 0
github.com/Gimel-Foundation/gauth/pkg/auth/oauth2.go:276.33,282.3 1 0
github.com/Gimel-Foundation/gauth/pkg/auth/oauth2.go:284.2,284.12 1 0
github.com/Gimel-Foundation/gauth/pkg/auth/oauth2.go:288.57,289.14 1 0
github.com/Gimel-Foundation/gauth/pkg/auth/oauth2.go:289.14,291.3 1 0
github.com/Gimel-Foundation/gauth/pkg/auth/oauth2.go:292.2,300.3 1 0
github.com/Gimel-Foundation/gauth/pkg/auth/paseto.go:12.67,14.2 1 0
github.com/Gimel-Foundation/gauth/pkg/auth/paseto.go:38.67,40.2 1 0
github.com/Gimel-Foundation/gauth/pkg/auth/paseto.go:42.69,44.2 1 0
github.com/Gimel-Foundation/gauth/pkg/auth/paseto.go:46.45,48.2 1 0
github.com/Gimel-Foundation/gauth/pkg/auth/paseto.go:52.108,54.2 1 0
github.com/Gimel-Foundation/gauth/pkg/auth/power_enforcement.go:112.117,115.2 1 0
github.com/Gimel-Foundation/gauth/pkg/auth/power_enforcement.go:116.96,119.2 1 0
github.com/Gimel-Foundation/gauth/pkg/auth/power_enforcement.go:120.118,123.2 1 0
github.com/Gimel-Foundation/gauth/pkg/auth/power_enforcement.go:124.96,127.2 1 0
github.com/Gimel-Foundation/gauth/pkg/auth/power_enforcement.go:130.103,133.2 1 0
github.com/Gimel-Foundation/gauth/pkg/auth/power_enforcement.go:134.96,137.2 1 0
github.com/Gimel-Foundation/gauth/pkg/auth/power_enforcement.go:138.96,141.2 1 0
github.com/Gimel-Foundation/gauth/pkg/auth/power_enforcement.go:148.29,155.2 1 0
github.com/Gimel-Foundation/gauth/pkg/auth/power_enforcement.go:159.131,162.16 2 0
github.com/Gimel-Foundation/gauth/pkg/auth/power_enforcement.go:162.16,164.3 1 0
[...]
github.com/Gimel-Foundation/gauth/internal/resource/types.go:298.2,298.30 1 1
github.com/Gimel-Foundation/gauth/internal/resource/types.go:302.62,303.21 1 1
github.com/Gimel-Foundation/gauth/internal/resource/types.go:303.21,305.3 1 0
github.com/Gimel-Foundation/gauth/internal/resource/types.go:306.2,307.26 2 1
github.com/Gimel-Foundation/gauth/internal/resource/types.go:311.56,312.21 1 1
github.com/Gimel-Foundation/gauth/internal/resource/types.go:312.21,314.3 1 0
github.com/Gimel-Foundation/gauth/internal/resource/types.go:315.2,316.26 2 1
github.com/Gimel-Foundation/gauth/internal/resource/types.go:320.62,321.21 1 1
github.com/Gimel-Foundation/gauth/internal/resource/types.go:321.21,323.3 1 0
github.com/Gimel-Foundation/gauth/internal/resource/types.go:324.2,325.26 2 1
github.com/Gimel-Foundation/gauth/internal/resource/types.go:329.58,330.21 1 1
github.com/Gimel-Foundation/gauth/internal/resource/types.go:330.21,332.3 1 0
github.com/Gimel-Foundation/gauth/internal/resource/types.go:333.2,334.26 2 1
github.com/Gimel-Foundation/gauth/internal/tracing/tracer.go:33.61,39.16 2 0
github.com/Gimel-Foundation/gauth/internal/tracing/tracer.go:39.16,41.3 1 0
github.com/Gimel-Foundation/gauth/internal/tracing/tracer.go:44.2,52.16 2 0
github.com/Gimel-Foundation/gauth/internal/tracing/tracer.go:52.16,54.3 1 0
github.com/Gimel-Foundation/gauth/internal/tracing/tracer.go:57.2,69.8 3 0
github.com/Gimel-Foundation/gauth/internal/tracing/tracer.go:73.130,78.2 1 0
github.com/Gimel-Foundation/gauth/internal/tracing/tracer.go:81.74,86.2 1 0
github.com/Gimel-Foundation/gauth/internal/tracing/tracer.go:89.54,91.2 1 0
github.com/Gimel-Foundation/gauth/internal/tracing/tracer.go:94.42,97.2 2 0
github.com/Gimel-Foundation/gauth/internal/tracing/tracer.go:100.63,102.2 1 0
github.com/Gimel-Foundation/gauth/internal/transaction/types.go:64.36,67.2 1 0
github.com/Gimel-Foundation/gauth/internal/transaction/types.go:70.37,72.2 1 0
github.com/Gimel-Foundation/gauth/internal/transaction/types.go:75.48,77.2 1 0
github.com/Gimel-Foundation/gauth/internal/transaction/types.go:80.51,89.20 2 0
github.com/Gimel-Foundation/gauth/internal/transaction/types.go:89.20,91.3 1 0
github.com/Gimel-Foundation/gauth/internal/transaction/types.go:92.2,92.25 1 0
github.com/Gimel-Foundation/gauth/internal/transaction/types.go:92.25,94.3 1 0
github.com/Gimel-Foundation/gauth/internal/transaction/types.go:95.2,95.23 1 0
github.com/Gimel-Foundation/gauth/internal/transaction/types.go:95.23,97.3 1 0
github.com/Gimel-Foundation/gauth/internal/transaction/types.go:100.2,100.31 1 0
github.com/Gimel-Foundation/gauth/internal/transaction/types.go:100.31,102.3 1 0
github.com/Gimel-Foundation/gauth/internal/transaction/types.go:104.2,104.17 1 0
github.com/Gimel-Foundation/gauth/internal/security/security.go:32.75,34.16 2 0
github.com/Gimel-Foundation/gauth/internal/security/security.go:34.16,36.3 1 0
github.com/Gimel-Foundation/gauth/internal/security/security.go:38.2,44.8 1 0
github.com/Gimel-Foundation/gauth/internal/security/security.go:48.74,50.16 2 0
github.com/Gimel-Foundation/gauth/internal/security/security.go:50.16,52.3 1 0
github.com/Gimel-Foundation/gauth/internal/security/security.go:53.2,53.26 1 0
github.com/Gimel-Foundation/gauth/internal/security/security.go:57.73,60.2 2 0
github.com/Gimel-Foundation/gauth/internal/security/security.go:63.56,65.54 1 0
github.com/Gimel-Foundation/gauth/internal/security/security.go:65.54,66.38 1 0
github.com/Gimel-Foundation/gauth/internal/security/security.go:66.38,68.4 1 0
github.com/Gimel-Foundation/gauth/internal/security/security.go:69.3,69.27 1 0
github.com/Gimel-Foundation/gauth/internal/security/security.go:73.2,78.31 4 0
github.com/Gimel-Foundation/gauth/internal/security/security.go:78.31,79.33 1 0
github.com/Gimel-Foundation/gauth/internal/security/security.go:79.33,81.4 1 0
github.com/Gimel-Foundation/gauth/internal/security/security.go:85.2,85.31 1 0
github.com/Gimel-Foundation/gauth/internal/security/security.go:85.31,87.3 1 0
github.com/Gimel-Foundation/gauth/internal/security/security.go:90.2,91.13 2 0
github.com/Gimel-Foundation/gauth/internal/security/security.go:95.75,97.2 1 0
github.com/Gimel-Foundation/gauth/internal/security/security.go:100.88,102.16 2 0
github.com/Gimel-Foundation/gauth/internal/security/security.go:102.16,104.3 1 0
github.com/Gimel-Foundation/gauth/internal/security/security.go:105.2,105.43 1 0
github.com/Gimel-Foundation/gauth/internal/security/security.go:109.66,112.2 1 0
github.com/Gimel-Foundation/gauth/internal/security/security.go:115.70,118.2 1 0
github.com/Gimel-Foundation/gauth/internal/security/security.go:121.62,130.2 1 0
github.com/Gimel-Foundation/gauth/internal/tokenstore/store.go:40.36,44.2 1 1
github.com/Gimel-Foundation/gauth/internal/tokenstore/store.go:46.65,51.2 4 4
github.com/Gimel-Foundation/gauth/internal/tokenstore/store.go:53.59,58.2 4 4
github.com/Gimel-Foundation/gauth/internal/tokenstore/store.go:60.50,65.2 4 1
github.com/Gimel-Foundation/gauth/internal/tokenstore/store.go:67.39,71.35 4 1
github.com/Gimel-Foundation/gauth/internal/tokenstore/store.go:71.35,72.33 1 3
github.com/Gimel-Foundation/gauth/internal/tokenstore/store.go:72.33,74.4 1 1
github.com/Gimel-Foundation/gauth/internal/tokenstore/store.go:76.2,76.12 1 1
github.com/Gimel-Foundation/gauth/internal/ratelimit/adaptive_ratelimiter.go:40.73,42.31 1 0
github.com/Gimel-Foundation/gauth/internal/ratelimit/adaptive_ratelimiter.go:42.31,44.3 1 0
github.com/Gimel-Foundation/gauth/internal/ratelimit/adaptive_ratelimiter.go:46.2,46.33 1 0
github.com/Gimel-Foundation/gauth/internal/ratelimit/adaptive_ratelimiter.go:46.33,48.3 1 0
github.com/Gimel-Foundation/gauth/internal/ratelimit/adaptive_ratelimiter.go:50.2,55.3 1 0
github.com/Gimel-Foundation/gauth/internal/ratelimit/adaptive_ratelimiter.go:59.44,66.44 4 0
github.com/Gimel-Foundation/gauth/internal/ratelimit/adaptive_ratelimiter.go:66.44,70.3 3 0
github.com/Gimel-Foundation/gauth/internal/ratelimit/adaptive_ratelimiter.go:73.2,73.38 1 0
github.com/Gimel-Foundation/gauth/internal/ratelimit/adaptive_ratelimiter.go:73.38,75.3 1 0
github.com/Gimel-Foundation/gauth/internal/ratelimit/adaptive_ratelimiter.go:77.2,78.13 2 0
github.com/Gimel-Foundation/gauth/internal/ratelimit/adaptive_ratelimiter.go:82.46,88.30 3 0
github.com/Gimel-Foundation/gauth/internal/ratelimit/adaptive_ratelimiter.go:88.30,90.3 1 0
github.com/Gimel-Foundation/gauth/internal/ratelimit/adaptive_ratelimiter.go:93.2,94.39 2 0
github.com/Gimel-Foundation/gauth/internal/ratelimit/adaptive_ratelimiter.go:94.39,96.3 1 0
github.com/Gimel-Foundation/gauth/internal/ratelimit/adaptive_ratelimiter.go:97.2,100.20 2 0
github.com/Gimel-Foundation/gauth/internal/ratelimit/adaptive_ratelimiter.go:100.20,103.36 2 0
github.com/Gimel-Foundation/gauth/internal/ratelimit/adaptive_ratelimiter.go:103.36,105.4 1 0
github.com/Gimel-Foundation/gauth/internal/ratelimit/adaptive_ratelimiter.go:105.9,107.4 1 0
github.com/Gimel-Foundation/gauth/internal/ratelimit/adaptive_ratelimiter.go:108.8,108.27 1 0
github.com/Gimel-Foundation/gauth/internal/ratelimit/adaptive_ratelimiter.go:108.27,111.36 2 0
github.com/Gimel-Foundation/gauth/internal/ratelimit/adaptive_ratelimiter.go:111.36,113.4 1 0
github.com/Gimel-Foundation/gauth/internal/ratelimit/adaptive_ratelimiter.go:113.9,115.4 1 0
github.com/Gimel-Foundation/gauth/internal/ratelimit/adaptive_ratelimiter.go:120.53,124.2 3 0
github.com/Gimel-Foundation/gauth/internal/ratelimit/adaptive_ratelimiter.go:127.50,131.25 3 0
github.com/Gimel-Foundation/gauth/internal/ratelimit/adaptive_ratelimiter.go:131.25,133.3 1 0
github.com/Gimel-Foundation/gauth/internal/ratelimit/adaptive_ratelimiter.go:135.2,135.58 1 0
github.com/Gimel-Foundation/gauth/internal/ratelimit/client_ratelimiter.go:27.93,35.2 1 0
github.com/Gimel-Foundation/gauth/internal/ratelimit/client_ratelimiter.go:38.62,43.53 3 0
github.com/Gimel-Foundation/gauth/internal/ratelimit/client_ratelimiter.go:43.53,45.3 1 0
github.com/Gimel-Foundation/gauth/internal/ratelimit/client_ratelimiter.go:48.2,49.13 2 0
github.com/Gimel-Foundation/gauth/internal/ratelimit/client_ratelimiter.go:49.13,57.3 2 0
github.com/Gimel-Foundation/gauth/internal/ratelimit/client_ratelimiter.go:60.2,60.54 1 0
github.com/Gimel-Foundation/gauth/internal/ratelimit/client_ratelimiter.go:60.54,63.3 2 0
github.com/Gimel-Foundation/gauth/internal/ratelimit/client_ratelimiter.go:66.2,66.38 1 0
github.com/Gimel-Foundation/gauth/internal/ratelimit/client_ratelimiter.go:66.38,68.3 1 0
github.com/Gimel-Foundation/gauth/internal/ratelimit/client_ratelimiter.go:71.2,72.13 2 0
github.com/Gimel-Foundation/gauth/internal/ratelimit/client_ratelimiter.go:76.78,81.13 4 0
github.com/Gimel-Foundation/gauth/internal/ratelimit/client_ratelimiter.go:81.13,83.3 1 0
github.com/Gimel-Foundation/gauth/internal/ratelimit/client_ratelimiter.go:86.2,91.3 1 0
github.com/Gimel-Foundation/gauth/internal/ratelimit/client_ratelimiter.go:95.40,100.2 3 0
github.com/Gimel-Foundation/gauth/internal/ratelimit/client_ratelimiter.go:103.46,107.42 3 0
github.com/Gimel-Foundation/gauth/internal/ratelimit/client_ratelimiter.go:107.42,108.54 1 0
github.com/Gimel-Foundation/gauth/internal/ratelimit/client_ratelimiter.go:108.54,110.4 1 0
github.com/Gimel-Foundation/gauth/internal/ratelimit/client_ratelimiter.go:115.64,125.28 7 0
github.com/Gimel-Foundation/gauth/internal/ratelimit/client_ratelimiter.go:125.28,128.43 2 0
github.com/Gimel-Foundation/gauth/internal/ratelimit/client_ratelimiter.go:128.43,135.4 1 0
github.com/Gimel-Foundation/gauth/internal/ratelimit/client_ratelimiter.go:137.3,137.33 1 0
github.com/Gimel-Foundation/gauth/internal/ratelimit/client_ratelimiter.go:140.2,140.14 1 0
github.com/Gimel-Foundation/gauth/internal/ratelimit/http_middleware.go:34.80,40.24 3 0
github.com/Gimel-Foundation/gauth/internal/ratelimit/http_middleware.go:40.24,41.46 1 0
github.com/Gimel-Foundation/gauth/internal/ratelimit/http_middleware.go:41.46,43.4 1 0
github.com/Gimel-Foundation/gauth/internal/ratelimit/http_middleware.go:47.2,48.23 2 0
github.com/Gimel-Foundation/gauth/internal/ratelimit/http_middleware.go:48.23,49.61 1 0
github.com/Gimel-Foundation/gauth/internal/ratelimit/http_middleware.go:49.61,53.4 3 0
github.com/Gimel-Foundation/gauth/internal/ratelimit/http_middleware.go:56.2,60.3 1 0
github.com/Gimel-Foundation/gauth/internal/ratelimit/http_middleware.go:64.75,65.71 1 0
github.com/Gimel-Foundation/gauth/internal/ratelimit/http_middleware.go:65.71,70.36 2 0
github.com/Gimel-Foundation/gauth/internal/ratelimit/http_middleware.go:70.36,73.20 2 0
github.com/Gimel-Foundation/gauth/internal/ratelimit/http_middleware.go:73.20,80.5 5 0
github.com/Gimel-Foundation/gauth/internal/ratelimit/http_middleware.go:83.4,83.24 1 0
github.com/Gimel-Foundation/gauth/internal/ratelimit/http_middleware.go:84.9,87.4 1 0
github.com/Gimel-Foundation/gauth/internal/ratelimit/http_middleware.go:92.95,93.54 1 0
github.com/Gimel-Foundation/gauth/internal/ratelimit/http_middleware.go:93.54,95.3 1 0
github.com/Gimel-Foundation/gauth/internal/ratelimit/ratelimit.go:38.42,45.2 3 0
github.com/Gimel-Foundation/gauth/internal/ratelimit/ratelimit.go:48.63,54.13 5 0
github.com/Gimel-Foundation/gauth/internal/ratelimit/ratelimit.go:54.13,61.3 2 0
github.com/Gimel-Foundation/gauth/internal/ratelimit/ratelimit.go:64.2,66.36 3 0
github.com/Gimel-Foundation/gauth/internal/ratelimit/ratelimit.go:66.36,67.27 1 0
github.com/Gimel-Foundation/gauth/internal/ratelimit/ratelimit.go:67.27,69.4 1 0
github.com/Gimel-Foundation/gauth/internal/ratelimit/ratelimit.go:73.2,73.74 1 0
github.com/Gimel-Foundation/gauth/internal/ratelimit/ratelimit.go:73.74,75.3 1 0
github.com/Gimel-Foundation/gauth/internal/ratelimit/ratelimit.go:78.2,81.12 3 0
github.com/Gimel-Foundation/gauth/internal/ratelimit/ratelimit.go:85.55,90.13 4 0
github.com/Gimel-Foundation/gauth/internal/ratelimit/ratelimit.go:90.13,92.3 1 0
github.com/Gimel-Foundation/gauth/internal/ratelimit/ratelimit.go:94.2,97.36 4 0
github.com/Gimel-Foundation/gauth/internal/ratelimit/ratelimit.go:97.36,98.27 1 0
github.com/Gimel-Foundation/gauth/internal/ratelimit/ratelimit.go:98.27,100.4 1 0
github.com/Gimel-Foundation/gauth/internal/ratelimit/ratelimit.go:103.2,105.19 3 0
github.com/Gimel-Foundation/gauth/internal/ratelimit/ratelimit.go:105.19,107.3 1 0
github.com/Gimel-Foundation/gauth/internal/ratelimit/ratelimit.go:108.2,108.18 1 0
github.com/Gimel-Foundation/gauth/internal/ratelimit/ratelimit.go:112.36,116.45 3 0
github.com/Gimel-Foundation/gauth/internal/ratelimit/ratelimit.go:116.45,119.3 2 0
github.com/Gimel-Foundation/gauth/internal/ratelimit/ratelimit.go:123.37,127.2 3 0
github.com/Gimel-Foundation/gauth/internal/ratelimit/ratelimit.go:130.34,134.21 3 0
github.com/Gimel-Foundation/gauth/internal/ratelimit/ratelimit.go:134.21,136.3 1 0
github.com/Gimel-Foundation/gauth/internal/ratelimit/ratelimit.go:140.29,147.36 5 0
github.com/Gimel-Foundation/gauth/internal/ratelimit/ratelimit.go:147.36,149.37 2 0
github.com/Gimel-Foundation/gauth/internal/ratelimit/ratelimit.go:149.37,150.26 1 0
github.com/Gimel-Foundation/gauth/internal/ratelimit/ratelimit.go:150.26,152.5 1 0
github.com/Gimel-Foundation/gauth/internal/ratelimit/ratelimit.go:154.3,154.71 1 0
github.com/Gimel-Foundation/gauth/internal/ratelimit/ratelimit.go:154.71,156.4 1 0
github.com/Gimel-Foundation/gauth/internal/ratelimit/ratelimit.go:156.9,159.4 2 0
github.com/Gimel-Foundation/gauth/internal/ratelimit/ratelimiter.go:33.60,40.2 1 0
github.com/Gimel-Foundation/gauth/internal/ratelimit/ratelimiter.go:43.55,48.47 3 0
github.com/Gimel-Foundation/gauth/internal/ratelimit/ratelimiter.go:48.47,51.3 2 0
github.com/Gimel-Foundation/gauth/internal/ratelimit/ratelimiter.go:54.2,54.38 1 0
github.com/Gimel-Foundation/gauth/internal/ratelimit/ratelimiter.go:54.38,55.30 1 0
github.com/Gimel-Foundation/gauth/internal/ratelimit/ratelimiter.go:55.30,57.4 1 0
github.com/Gimel-Foundation/gauth/internal/ratelimit/ratelimiter.go:58.3,58.15 1 0
github.com/Gimel-Foundation/gauth/internal/ratelimit/ratelimiter.go:62.2,63.13 2 0
github.com/Gimel-Foundation/gauth/internal/ratelimit/ratelimiter.go:67.31,73.2 4 0
github.com/Gimel-Foundation/gauth/internal/ratelimit/ratelimiter.go:76.47,80.47 3 0
github.com/Gimel-Foundation/gauth/internal/ratelimit/ratelimiter.go:80.47,82.3 1 0
github.com/Gimel-Foundation/gauth/internal/ratelimit/ratelimiter.go:84.2,84.38 1 0
github.com/Gimel-Foundation/gauth/internal/ratelimit/ratelimiter.go:84.38,86.3 1 0
github.com/Gimel-Foundation/gauth/internal/ratelimit/ratelimiter.go:88.2,88.40 1 0
github.com/Gimel-Foundation/gauth/internal/ratelimit/ratelimiter.go:92.54,97.32 4 0
github.com/Gimel-Foundation/gauth/internal/ratelimit/ratelimiter.go:97.32,99.3 1 0
github.com/Gimel-Foundation/gauth/internal/ratelimit/ratelimiter.go:101.2,101.34 1 0
github.com/Gimel-Foundation/gauth/internal/ratelimit/ratelimiter.go:105.50,110.2 3 0
github.com/Gimel-Foundation/gauth/internal/ratelimit/ratelimiter.go:113.64,118.2 3 0
github.com/Gimel-Foundation/gauth/internal/ratelimit/ratelimiter.go:121.64,126.2 3 0
github.com/Gimel-Foundation/gauth/internal/ratelimit/sliding_window.go:24.54,31.2 3 10
github.com/Gimel-Foundation/gauth/internal/ratelimit/sliding_window.go:34.41,36.21 2 10
github.com/Gimel-Foundation/gauth/internal/ratelimit/sliding_window.go:36.21,39.38 3 0
github.com/Gimel-Foundation/gauth/internal/ratelimit/sliding_window.go:39.38,40.85 1 0
github.com/Gimel-Foundation/gauth/internal/ratelimit/sliding_window.go:40.85,42.5 1 0
github.com/Gimel-Foundation/gauth/internal/ratelimit/sliding_window.go:44.3,44.17 1 0
github.com/Gimel-Foundation/gauth/internal/ratelimit/sliding_window.go:49.70,51.67 1 2612
github.com/Gimel-Foundation/gauth/internal/ratelimit/sliding_window.go:51.67,53.3 1 2
github.com/Gimel-Foundation/gauth/internal/ratelimit/sliding_window.go:55.2,60.13 5 2610
github.com/Gimel-Foundation/gauth/internal/ratelimit/sliding_window.go:60.13,67.3 2 12
github.com/Gimel-Foundation/gauth/internal/ratelimit/sliding_window.go:70.2,72.36 3 2610
github.com/Gimel-Foundation/gauth/internal/ratelimit/sliding_window.go:72.36,73.27 1 1999939
github.com/Gimel-Foundation/gauth/internal/ratelimit/sliding_window.go:73.27,75.4 1 1999933
github.com/Gimel-Foundation/gauth/internal/ratelimit/sliding_window.go:79.2,80.22 2 2610
github.com/Gimel-Foundation/gauth/internal/ratelimit/sliding_window.go:80.22,82.3 1 0
github.com/Gimel-Foundation/gauth/internal/ratelimit/sliding_window.go:85.2,86.25 2 2610
github.com/Gimel-Foundation/gauth/internal/ratelimit/sliding_window.go:86.25,88.3 1 0
github.com/Gimel-Foundation/gauth/internal/ratelimit/sliding_window.go:91.2,91.42 1 2610
github.com/Gimel-Foundation/gauth/internal/ratelimit/sliding_window.go:91.42,93.3 1 9
github.com/Gimel-Foundation/gauth/internal/ratelimit/sliding_window.go:96.2,96.75 1 2601
github.com/Gimel-Foundation/gauth/internal/ratelimit/sliding_window.go:96.75,98.25 2 1561
github.com/Gimel-Foundation/gauth/internal/ratelimit/sliding_window.go:98.25,100.59 2 1561
github.com/Gimel-Foundation/gauth/internal/ratelimit/sliding_window.go:100.59,102.5 1 1550
github.com/Gimel-Foundation/gauth/internal/ratelimit/sliding_window.go:107.2,111.12 4 1051
github.com/Gimel-Foundation/gauth/internal/ratelimit/sliding_window.go:115.52,121.13 5 3
github.com/Gimel-Foundation/gauth/internal/ratelimit/sliding_window.go:121.13,137.3 2 1
github.com/Gimel-Foundation/gauth/internal/ratelimit/sliding_window.go:140.2,142.36 3 2
github.com/Gimel-Foundation/gauth/internal/ratelimit/sliding_window.go:142.36,143.27 1 1006
github.com/Gimel-Foundation/gauth/internal/ratelimit/sliding_window.go:143.27,145.4 1 1006
github.com/Gimel-Foundation/gauth/internal/ratelimit/sliding_window.go:148.2,162.3 2 2
github.com/Gimel-Foundation/gauth/internal/ratelimit/sliding_window.go:166.43,170.2 3 1
github.com/Gimel-Foundation/gauth/internal/ratelimit/token_bucket.go:24.50,29.2 1 10
github.com/Gimel-Foundation/gauth/internal/ratelimit/token_bucket.go:32.68,34.67 1 2612
github.com/Gimel-Foundation/gauth/internal/ratelimit/token_bucket.go:34.67,36.3 1 2
github.com/Gimel-Foundation/gauth/internal/ratelimit/token_bucket.go:38.2,43.13 5 2610
github.com/Gimel-Foundation/gauth/internal/ratelimit/token_bucket.go:43.13,45.21 2 12
github.com/Gimel-Foundation/gauth/internal/ratelimit/token_bucket.go:45.21,47.4 1 0
github.com/Gimel-Foundation/gauth/internal/ratelimit/token_bucket.go:48.3,53.21 2 12
github.com/Gimel-Foundation/gauth/internal/ratelimit/token_bucket.go:54.8,61.21 4 2598
github.com/Gimel-Foundation/gauth/internal/ratelimit/token_bucket.go:61.21,63.4 1 0
github.com/Gimel-Foundation/gauth/internal/ratelimit/token_bucket.go:64.3,65.19 2 2598
github.com/Gimel-Foundation/gauth/internal/ratelimit/token_bucket.go:69.2,69.18 1 2610
github.com/Gimel-Foundation/gauth/internal/ratelimit/token_bucket.go:69.18,71.3 1 519
github.com/Gimel-Foundation/gauth/internal/ratelimit/token_bucket.go:74.2,75.12 2 2091
github.com/Gimel-Foundation/gauth/internal/ratelimit/token_bucket.go:79.50,87.13 6 3
github.com/Gimel-Foundation/gauth/internal/ratelimit/token_bucket.go:87.13,102.3 1 1
github.com/Gimel-Foundation/gauth/internal/ratelimit/token_bucket.go:105.2,113.21 5 2
github.com/Gimel-Foundation/gauth/internal/ratelimit/token_bucket.go:113.21,115.3 1 0
github.com/Gimel-Foundation/gauth/internal/ratelimit/token_bucket.go:117.2,130.3 1 2
github.com/Gimel-Foundation/gauth/internal/ratelimit/token_bucket.go:134.41,138.2 3 1
github.com/Gimel-Foundation/gauth/internal/ratelimit/token_bucket.go:140.32,141.11 1 2600
github.com/Gimel-Foundation/gauth/internal/ratelimit/token_bucket.go:141.11,143.3 1 7
github.com/Gimel-Foundation/gauth/internal/ratelimit/token_bucket.go:144.2,144.10 1 2593
github.com/Gimel-Foundation/gauth/internal/ratelimit/wrapper.go:4.44,6.2 1 20
github.com/Gimel-Foundation/gauth/internal/ratelimit/wrapper.go:12.48,14.2 1 10
github.com/Gimel-Foundation/gauth/internal/ratelimit/wrapper.go:17.50,19.2 1 10
